#
# A fatal error has been detected by the Java Runtime Environment:
#
#  SIGSEGV (0xb) at pc=0x00007f8629739593, pid=5817, tid=0x00007f8614611700
#
# JRE version: Java(TM) SE Runtime Environment (8.0_111-b14) (build 1.8.0_111-b14)
# Java VM: Java HotSpot(TM) 64-Bit Server VM (25.111-b14 mixed mode linux-amd64 compressed oops)
# Problematic frame:
# V  [libjvm.so+0x648593]  InstanceKlass::oop_follow_contents(ParCompactionManager*, oopDesc*)+0x4b3
#
# Failed to write core dump. Core dumps have been disabled. To enable core dumping, try "ulimit -c unlimited" before starting Java again
#
# If you would like to submit a bug report, please visit:
#   http://bugreport.java.com/bugreport/crash.jsp
#

---------------  T H R E A D  ---------------

Current thread (0x00007f862401f000):  GCTaskThread [stack: 0x00007f8614511000,0x00007f8614612000] [id=5823]

siginfo: si_signo: 11 (SIGSEGV), si_code: 1 (SEGV_MAPERR), si_addr: 0x0000000000000008

Registers:
RAX=0x00007f862a080c80, RBX=0x00000000fa0cf320, RCX=0x0000000000000003, RDX=0x0000000000000001
RSP=0x00007f8614610a40, RBP=0x00007f8614610aa0, RSI=0x0000001000000000, RDI=0x0000000000000000
R8 =0x00000000c24b77d0, R9 =0x0004000000000000, R10=0x0000000000000004, R11=0x00007f862a0b0200
R12=0x00007f862a0b4220, R13=0x00000000c24b77c4, R14=0x00007f8624074a30, R15=0x00007f8624074a30
RIP=0x00007f8629739593, EFLAGS=0x0000000000010246, CSGSFS=0x0000000000000033, ERR=0x0000000000000004
  TRAPNO=0x000000000000000e

Top of Stack: (sp=0x00007f8614610a40)
0x00007f8614610a40:   0000000000000003 00000000c24b77b0
0x00007f8614610a50:   000000010007b2e8 000000010007b2f0
0x00007f8614610a60:   00007f862a068e28 00007f8624074a70
0x00007f8614610a70:   00000000fa97fcf0 00007f862a0b0200
0x00007f8614610a80:   00007f8624074a30 0000000000000000
0x00007f8614610a90:   00007f8624074a30 00000000fa1cbb28
0x00007f8614610aa0:   00007f8614610c30 00007f8629a6b582
0x00007f8614610ab0:   000000010008f340 00000000c0c85cac
0x00007f8614610ac0:   00007f8624074a40 00007f8614610be0
0x00007f8614610ad0:   00007f8614610bb0 00007f8614610b90
0x00007f8614610ae0:   00007f8614610b80 00007f8614610b70
0x00007f8614610af0:   00007f8614610b60 00007f8614610b50
0x00007f8614610b00:   00007f862a0a5159 00007f8624074af0
0x00007f8614610b10:   00000000c118e3c8 00007f8614610bd0
0x00007f8614610b20:   00007f8614610bc0 00007f8614610bb0
0x00007f8614610b30:   000000000000024c 000000000000024c
0x00007f8614610b40:   00007f8624074a70 00007f8614610bf8
0x00007f8614610b50:   00000000c0324fd0 00007f862a0b4220
0x00007f8614610b60:   00007f8614610bd0 00007f862973941f
0x00007f8614610b70:   00000000c218268c 00000000c2182648
0x00007f8614610b80:   00000000fa2b1170 0000000100000400
0x00007f8614610b90:   0000000000000000 00007f8600000000
0x00007f8614610ba0:   00007f862a0b4220 00000000c2182648
0x00007f8614610bb0:   00000000fbc16b08 00007f862a0b4220
0x00007f8614610bc0:   00007f8614610c30 00007f862973941f
0x00007f8614610bd0:   00000000fae02ea4 00000000fae02e80
0x00007f8614610be0:   000000010005f028 000000010005f028
0x00007f8614610bf0:   0000026a0000017a 00000000c24b77b0
0x00007f8614610c00:   00007f8624074a30 0000000000000000
0x00007f8614610c10:   00007f8624074940 0000000000000000
0x00007f8614610c20:   00007f8624074a30 00000000fa1cbb28
0x00007f8614610c30:   00007f8614610d70 00007f8629a513e5 

Instructions: (pc=0x00007f8629739593)
0x00007f8629739573:   00 e9 09 fd ff ff 0f 1f 80 00 00 00 00 48 8b 05
0x00007f8629739583:   e1 85 92 00 8b 7b 08 8b 48 08 48 d3 e7 48 03 38
0x00007f8629739593:   8b 77 08 83 fe 00 0f 8f 3e fe ff ff 74 6f 48 8b
0x00007f86297395a3:   05 e8 b2 92 00 80 fa 01 48 19 d2 83 e2 04 48 63 

Register to memory mapping:

RAX=0x00007f862a080c80: <offset 0xf8fc80> in /usr/lib/jvm/java-8-oracle/jre/lib/amd64/server/libjvm.so at 0x00007f86290f1000
RBX=0x00000000fa0cf320 is an unknown value
RCX=0x0000000000000003 is an unknown value
RDX=0x0000000000000001 is an unknown value
RSP=0x00007f8614610a40 is an unknown value
RBP=0x00007f8614610aa0 is an unknown value
RSI=0x0000001000000000 is an unknown value
RDI=0x0000000000000000 is an unknown value
R8 =0x00000000c24b77d0 is an oop
com.android.dx.rop.code.PlainCstInsn 
 - klass: 'com/android/dx/rop/code/PlainCstInsn'
R9 =0x0004000000000000 is an unknown value
R10=0x0000000000000004 is an unknown value
R11=0x00007f862a0b0200: <offset 0xfbf200> in /usr/lib/jvm/java-8-oracle/jre/lib/amd64/server/libjvm.so at 0x00007f86290f1000
R12=0x00007f862a0b4220: <offset 0xfc3220> in /usr/lib/jvm/java-8-oracle/jre/lib/amd64/server/libjvm.so at 0x00007f86290f1000
R13=0x00000000c24b77c4 is pointing into object: 0x00000000c24b77b0
com.android.dx.rop.code.PlainCstInsn 
 - klass: 'com/android/dx/rop/code/PlainCstInsn'
R14=0x00007f8624074a30 is an unknown value
R15=0x00007f8624074a30 is an unknown value


Stack: [0x00007f8614511000,0x00007f8614612000],  sp=0x00007f8614610a40,  free space=1022k
Native frames: (J=compiled Java code, j=interpreted, Vv=VM code, C=native code)
V  [libjvm.so+0x648593]  InstanceKlass::oop_follow_contents(ParCompactionManager*, oopDesc*)+0x4b3
V  [libjvm.so+0x97a582]  ParCompactionManager::follow_marking_stacks()+0x232
V  [libjvm.so+0x9603e5]  StealMarkingTask::do_it(GCTaskManager*, unsigned int)+0x325
V  [libjvm.so+0x5d729f]  GCTaskThread::run()+0x12f
V  [libjvm.so+0x924ea8]  java_start(Thread*)+0x108


---------------  P R O C E S S  ---------------

Java Threads: ( => current thread )
  0x00007f86243fb000 JavaThread "pool-2-thread-4" [_thread_blocked, id=5840, stack(0x00007f85f3470000,0x00007f85f3571000)]
  0x00007f86243fa000 JavaThread "pool-2-thread-3" [_thread_blocked, id=5839, stack(0x00007f85f3571000,0x00007f85f3672000)]
  0x00007f86243f8800 JavaThread "pool-2-thread-2" [_thread_blocked, id=5838, stack(0x00007f85f3672000,0x00007f85f3773000)]
  0x00007f86243e9000 JavaThread "pool-3-thread-1" [_thread_blocked, id=5837, stack(0x00007f85f3773000,0x00007f85f3874000)]
  0x00007f86243e6800 JavaThread "pool-2-thread-1" [_thread_blocked, id=5836, stack(0x00007f85f3874000,0x00007f85f3975000)]
  0x00007f86240c0000 JavaThread "Service Thread" daemon [_thread_blocked, id=5834, stack(0x00007f85f3afb000,0x00007f85f3bfc000)]
  0x00007f86240bd000 JavaThread "C1 CompilerThread2" daemon [_thread_blocked, id=5833, stack(0x00007f85f3bfc000,0x00007f85f3cfd000)]
  0x00007f86240bb000 JavaThread "C2 CompilerThread1" daemon [_thread_blocked, id=5832, stack(0x00007f85f3cfd000,0x00007f85f3dfe000)]
  0x00007f86240b8800 JavaThread "C2 CompilerThread0" daemon [_thread_in_native, id=5831, stack(0x00007f85f3dfe000,0x00007f85f3eff000)]
  0x00007f86240b7000 JavaThread "Signal Dispatcher" daemon [_thread_blocked, id=5830, stack(0x00007f85f3eff000,0x00007f85f4000000)]
  0x00007f8624084000 JavaThread "Finalizer" daemon [_thread_blocked, id=5829, stack(0x00007f860431c000,0x00007f860441d000)]
  0x00007f862407f800 JavaThread "Reference Handler" daemon [_thread_blocked, id=5828, stack(0x00007f860441d000,0x00007f860451e000)]
  0x00007f862400a000 JavaThread "main" [_thread_blocked, id=5819, stack(0x00007f862abdd000,0x00007f862acde000)]

Other Threads:
  0x00007f8624078000 VMThread [stack: 0x00007f860451e000,0x00007f860461f000] [id=5827]
  0x00007f86240c3000 WatcherThread [stack: 0x00007f85f39fa000,0x00007f85f3afb000] [id=5835]

=>0x00007f862401f000 (exited) GCTaskThread [stack: 0x00007f8614511000,0x00007f8614612000] [id=5823]

VM state:at safepoint (normal execution)

VM Mutex/Monitor currently owned by a thread:  ([mutex/lock_event])
[0x00007f8624006570] Threads_lock - owner thread: 0x00007f8624078000
[0x00007f8624006a70] Heap_lock - owner thread: 0x00007f86243fa000

Heap:
 PSYoungGen      total 280576K, used 31208K [0x00000000eab00000, 0x0000000100000000, 0x0000000100000000)
  eden space 249344K, 0% used [0x00000000eab00000,0x00000000eab00000,0x00000000f9e80000)
  from space 31232K, 99% used [0x00000000f9e80000,0x00000000fbcfa368,0x00000000fbd00000)
  to   space 50688K, 0% used [0x00000000fce80000,0x00000000fce80000,0x0000000100000000)
 ParOldGen       total 84992K, used 60354K [0x00000000c0000000, 0x00000000c5300000, 0x00000000eab00000)
  object space 84992K, 71% used [0x00000000c0000000,0x00000000c3af0908,0x00000000c5300000)
 Metaspace       used 6581K, capacity 7256K, committed 7424K, reserved 1056768K
  class space    used 634K, capacity 656K, committed 768K, reserved 1048576K

Card table byte_map: [0x00007f8614612000,0x00007f8614813000] byte_map_base: 0x00007f8614012000

Marking Bits: (ParMarkBitMap*) 0x00007f862a0b4220
 Begin Bits: [0x00007f8606000000, 0x00007f8607000000)
 End Bits:   [0x00007f8607000000, 0x00007f8608000000)

Polling page: 0x00007f862ad03000

CodeCache: size=245760Kb used=8530Kb max_used=8530Kb free=237229Kb
 bounds [0x00007f8614bd3000, 0x00007f8615433000, 0x00007f8623bd3000]
 total_blobs=2421 nmethods=2152 adapters=183
 compilation: enabled

Compilation events (10 events):
Event: 4.058 Thread 0x00007f86240bd000 nmethod 2274 0x00007f861541e910 code [0x00007f861541eb20, 0x00007f861541f038]
Event: 4.062 Thread 0x00007f86240bd000 2275       2       com.android.dx.cf.direct.DirectClassFile::parse0 (901 bytes)
Event: 4.084 Thread 0x00007f86240bd000 nmethod 2275 0x00007f861541f4d0 code [0x00007f861541fdc0, 0x00007f8615423768]
Event: 4.084 Thread 0x00007f86240bd000 2284       2       java.util.TimeZone::getDefaultRef (32 bytes)
Event: 4.084 Thread 0x00007f86240bd000 nmethod 2284 0x00007f8615428f50 code [0x00007f86154290c0, 0x00007f8615429228]
Event: 4.084 Thread 0x00007f86240bd000 2276       2       java.util.Date::normalize (269 bytes)
Event: 4.099 Thread 0x00007f86240bd000 nmethod 2276 0x00007f86154292d0 code [0x00007f86154295c0, 0x00007f861542a7a8]
Event: 4.099 Thread 0x00007f86240bd000 2286 %     3       com.android.dx.ssa.SsaBasicBlock::insertNewSuccessor @ 115 (228 bytes)
Event: 4.100 Thread 0x00007f86240bd000 nmethod 2286% 0x00007f861542b490 code [0x00007f861542b7e0, 0x00007f861542ce08]
Event: 4.100 Thread 0x00007f86240bd000 2278       2       sun.util.calendar.AbstractCalendar::getTime (174 bytes)

GC Heap History (10 events):
Event: 1.263 GC heap after
Heap after GC invocations=3 (full 0):
 PSYoungGen      total 68608K, used 5116K [0x00000000eab00000, 0x00000000f3100000, 0x0000000100000000)
  eden space 63488K, 0% used [0x00000000eab00000,0x00000000eab00000,0x00000000ee900000)
  from space 5120K, 99% used [0x00000000ee900000,0x00000000eedff2f0,0x00000000eee00000)
  to   space 5120K, 0% used [0x00000000f2c00000,0x00000000f2c00000,0x00000000f3100000)
 ParOldGen       total 84992K, used 6424K [0x00000000c0000000, 0x00000000c5300000, 0x00000000eab00000)
  object space 84992K, 7% used [0x00000000c0000000,0x00000000c0646010,0x00000000c5300000)
 Metaspace       used 6007K, capacity 6872K, committed 7168K, reserved 1056768K
  class space    used 614K, capacity 656K, committed 768K, reserved 1048576K
}
Event: 1.941 GC heap before
{Heap before GC invocations=4 (full 0):
 PSYoungGen      total 68608K, used 68604K [0x00000000eab00000, 0x00000000f3100000, 0x0000000100000000)
  eden space 63488K, 100% used [0x00000000eab00000,0x00000000ee900000,0x00000000ee900000)
  from space 5120K, 99% used [0x00000000ee900000,0x00000000eedff2f0,0x00000000eee00000)
  to   space 5120K, 0% used [0x00000000f2c00000,0x00000000f2c00000,0x00000000f3100000)
 ParOldGen       total 84992K, used 6424K [0x00000000c0000000, 0x00000000c5300000, 0x00000000eab00000)
  object space 84992K, 7% used [0x00000000c0000000,0x00000000c0646010,0x00000000c5300000)
 Metaspace       used 6148K, capacity 6936K, committed 7168K, reserved 1056768K
  class space    used 633K, capacity 656K, committed 768K, reserved 1048576K
Event: 2.005 GC heap after
Heap after GC invocations=4 (full 0):
 PSYoungGen      total 132096K, used 5098K [0x00000000eab00000, 0x00000000f3100000, 0x0000000100000000)
  eden space 126976K, 0% used [0x00000000eab00000,0x00000000eab00000,0x00000000f2700000)
  from space 5120K, 99% used [0x00000000f2c00000,0x00000000f30fa900,0x00000000f3100000)
  to   space 5120K, 0% used [0x00000000f2700000,0x00000000f2700000,0x00000000f2c00000)
 ParOldGen       total 84992K, used 16413K [0x00000000c0000000, 0x00000000c5300000, 0x00000000eab00000)
  object space 84992K, 19% used [0x00000000c0000000,0x00000000c1007450,0x00000000c5300000)
 Metaspace       used 6148K, capacity 6936K, committed 7168K, reserved 1056768K
  class space    used 633K, capacity 656K, committed 768K, reserved 1048576K
}
Event: 2.707 GC heap before
{Heap before GC invocations=5 (full 0):
 PSYoungGen      total 132096K, used 132074K [0x00000000eab00000, 0x00000000f3100000, 0x0000000100000000)
  eden space 126976K, 100% used [0x00000000eab00000,0x00000000f2700000,0x00000000f2700000)
  from space 5120K, 99% used [0x00000000f2c00000,0x00000000f30fa900,0x00000000f3100000)
  to   space 5120K, 0% used [0x00000000f2700000,0x00000000f2700000,0x00000000f2c00000)
 ParOldGen       total 84992K, used 16413K [0x00000000c0000000, 0x00000000c5300000, 0x00000000eab00000)
  object space 84992K, 19% used [0x00000000c0000000,0x00000000c1007450,0x00000000c5300000)
 Metaspace       used 6407K, capacity 7192K, committed 7424K, reserved 1056768K
  class space    used 634K, capacity 656K, committed 768K, reserved 1048576K
Event: 2.755 GC heap after
Heap after GC invocations=5 (full 0):
 PSYoungGen      total 132096K, used 5114K [0x00000000eab00000, 0x00000000fd700000, 0x0000000100000000)
  eden space 126976K, 0% used [0x00000000eab00000,0x00000000eab00000,0x00000000f2700000)
  from space 5120K, 99% used [0x00000000f2700000,0x00000000f2bfe9d8,0x00000000f2c00000)
  to   space 26624K, 0% used [0x00000000fbd00000,0x00000000fbd00000,0x00000000fd700000)
 ParOldGen       total 84992K, used 34274K [0x00000000c0000000, 0x00000000c5300000, 0x00000000eab00000)
  object space 84992K, 40% used [0x00000000c0000000,0x00000000c21789e0,0x00000000c5300000)
 Metaspace       used 6407K, capacity 7192K, committed 7424K, reserved 1056768K
  class space    used 634K, capacity 656K, committed 768K, reserved 1048576K
}
Event: 3.207 GC heap before
{Heap before GC invocations=6 (full 0):
 PSYoungGen      total 132096K, used 132090K [0x00000000eab00000, 0x00000000fd700000, 0x0000000100000000)
  eden space 126976K, 100% used [0x00000000eab00000,0x00000000f2700000,0x00000000f2700000)
  from space 5120K, 99% used [0x00000000f2700000,0x00000000f2bfe9d8,0x00000000f2c00000)
  to   space 26624K, 0% used [0x00000000fbd00000,0x00000000fbd00000,0x00000000fd700000)
 ParOldGen       total 84992K, used 34274K [0x00000000c0000000, 0x00000000c5300000, 0x00000000eab00000)
  object space 84992K, 40% used [0x00000000c0000000,0x00000000c21789e0,0x00000000c5300000)
 Metaspace       used 6488K, capacity 7192K, committed 7424K, reserved 1056768K
  class space    used 634K, capacity 656K, committed 768K, reserved 1048576K
Event: 3.263 GC heap after
Heap after GC invocations=6 (full 0):
 PSYoungGen      total 275968K, used 22906K [0x00000000eab00000, 0x00000000fe000000, 0x0000000100000000)
  eden space 249344K, 0% used [0x00000000eab00000,0x00000000eab00000,0x00000000f9e80000)
  from space 26624K, 86% used [0x00000000fbd00000,0x00000000fd35ebf0,0x00000000fd700000)
  to   space 31232K, 0% used [0x00000000f9e80000,0x00000000f9e80000,0x00000000fbd00000)
 ParOldGen       total 84992K, used 34274K [0x00000000c0000000, 0x00000000c5300000, 0x00000000eab00000)
  object space 84992K, 40% used [0x00000000c0000000,0x00000000c21789e0,0x00000000c5300000)
 Metaspace       used 6488K, capacity 7192K, committed 7424K, reserved 1056768K
  class space    used 634K, capacity 656K, committed 768K, reserved 1048576K
}
Event: 4.104 GC heap before
{Heap before GC invocations=7 (full 0):
 PSYoungGen      total 275968K, used 272250K [0x00000000eab00000, 0x00000000fe000000, 0x0000000100000000)
  eden space 249344K, 100% used [0x00000000eab00000,0x00000000f9e80000,0x00000000f9e80000)
  from space 26624K, 86% used [0x00000000fbd00000,0x00000000fd35ebf0,0x00000000fd700000)
  to   space 31232K, 0% used [0x00000000f9e80000,0x00000000f9e80000,0x00000000fbd00000)
 ParOldGen       total 84992K, used 34274K [0x00000000c0000000, 0x00000000c5300000, 0x00000000eab00000)
  object space 84992K, 40% used [0x00000000c0000000,0x00000000c21789e0,0x00000000c5300000)
 Metaspace       used 6581K, capacity 7256K, committed 7424K, reserved 1056768K
  class space    used 634K, capacity 656K, committed 768K, reserved 1048576K
Event: 4.202 GC heap after
Heap after GC invocations=7 (full 0):
 PSYoungGen      total 280576K, used 31208K [0x00000000eab00000, 0x0000000100000000, 0x0000000100000000)
  eden space 249344K, 0% used [0x00000000eab00000,0x00000000eab00000,0x00000000f9e80000)
  from space 31232K, 99% used [0x00000000f9e80000,0x00000000fbcfa368,0x00000000fbd00000)
  to   space 50688K, 0% used [0x00000000fce80000,0x00000000fce80000,0x0000000100000000)
 ParOldGen       total 84992K, used 60354K [0x00000000c0000000, 0x00000000c5300000, 0x00000000eab00000)
  object space 84992K, 71% used [0x00000000c0000000,0x00000000c3af0908,0x00000000c5300000)
 Metaspace       used 6581K, capacity 7256K, committed 7424K, reserved 1056768K
  class space    used 634K, capacity 656K, committed 768K, reserved 1048576K
}
Event: 4.202 GC heap before
{Heap before GC invocations=8 (full 1):
 PSYoungGen      total 280576K, used 31208K [0x00000000eab00000, 0x0000000100000000, 0x0000000100000000)
  eden space 249344K, 0% used [0x00000000eab00000,0x00000000eab00000,0x00000000f9e80000)
  from space 31232K, 99% used [0x00000000f9e80000,0x00000000fbcfa368,0x00000000fbd00000)
  to   space 50688K, 0% used [0x00000000fce80000,0x00000000fce80000,0x0000000100000000)
 ParOldGen       total 84992K, used 60354K [0x00000000c0000000, 0x00000000c5300000, 0x00000000eab00000)
  object space 84992K, 71% used [0x00000000c0000000,0x00000000c3af0908,0x00000000c5300000)
 Metaspace       used 6581K, capacity 7256K, committed 7424K, reserved 1056768K
  class space    used 634K, capacity 656K, committed 768K, reserved 1048576K

Deoptimization events (10 events):
Event: 2.690 Thread 0x00007f86243fb000 Uncommon trap: reason=unstable_if action=reinterpret pc=0x00007f861500883c method=com.android.dx.ssa.SsaMethod.updateOneDefinition(Lcom/android/dx/ssa/SsaInsn;Lcom/android/dx/rop/code/RegisterSpec;)V @ 4
Event: 2.763 Thread 0x00007f86243e6800 Uncommon trap: reason=bimorphic action=maybe_recompile pc=0x00007f86151068a0 method=com.android.dx.cf.code.BytecodeArray.parseInstruction(ILcom/android/dx/cf/code/BytecodeArray$Visitor;)I @ 1357
Event: 2.763 Thread 0x00007f86243e6800 Uncommon trap: reason=bimorphic action=maybe_recompile pc=0x00007f86151068a0 method=com.android.dx.cf.code.BytecodeArray.parseInstruction(ILcom/android/dx/cf/code/BytecodeArray$Visitor;)I @ 1357
Event: 2.949 Thread 0x00007f862400a000 Uncommon trap: reason=class_check action=maybe_recompile pc=0x00007f86152b47a8 method=com.android.dx.rop.code.RegisterSpec.withSimpleType()Lcom/android/dx/rop/code/RegisterSpec; @ 21
Event: 2.967 Thread 0x00007f86243f8800 Uncommon trap: reason=class_check action=maybe_recompile pc=0x00007f86152b47a8 method=com.android.dx.rop.code.RegisterSpec.withSimpleType()Lcom/android/dx/rop/code/RegisterSpec; @ 21
Event: 2.968 Thread 0x00007f86243f8800 Uncommon trap: reason=class_check action=maybe_recompile pc=0x00007f86152b47a8 method=com.android.dx.rop.code.RegisterSpec.withSimpleType()Lcom/android/dx/rop/code/RegisterSpec; @ 21
Event: 2.973 Thread 0x00007f862400a000 Uncommon trap: reason=class_check action=maybe_recompile pc=0x00007f86152b47a8 method=com.android.dx.rop.code.RegisterSpec.withSimpleType()Lcom/android/dx/rop/code/RegisterSpec; @ 21
Event: 3.811 Thread 0x00007f86243f8800 Uncommon trap: reason=unstable_if action=reinterpret pc=0x00007f86153b1c20 method=com.android.dx.rop.code.RegisterSpec.intersect(Lcom/android/dx/rop/code/RegisterSpec;Z)Lcom/android/dx/rop/code/RegisterSpec; @ 42
Event: 3.814 Thread 0x00007f86243f8800 Uncommon trap: reason=unstable_if action=reinterpret pc=0x00007f861513e6d4 method=com.android.dx.dex.code.OutputFinisher.hasLocalInfo(Lcom/android/dx/dex/code/DalvInsn;)Z @ 24
Event: 3.986 Thread 0x00007f862400a000 Uncommon trap: reason=unstable_if action=reinterpret pc=0x00007f8615407244 method=com.android.dx.rop.code.LocalVariableInfo.mergeStarts(ILcom/android/dx/rop/code/RegisterSpecSet;)Z @ 31

Internal exceptions (8 events):
Event: 0.026 Thread 0x00007f862400a000 Exception <a 'java/lang/NoSuchMethodError': Method sun.misc.Unsafe.defineClass(Ljava/lang/String;[BII)Ljava/lang/Class; name or signature does not match> (0x00000000eab07c78) thrown at [/HUDSON3/workspace/8-2-build-linux-amd64/jdk8u111/7883/hotspot/src/sh
Event: 0.026 Thread 0x00007f862400a000 Exception <a 'java/lang/NoSuchMethodError': Method sun.misc.Unsafe.prefetchRead(Ljava/lang/Object;J)V name or signature does not match> (0x00000000eab07f60) thrown at [/HUDSON3/workspace/8-2-build-linux-amd64/jdk8u111/7883/hotspot/src/share/vm/prims/jni.c
Event: 1.014 Thread 0x00007f86243f8800 Implicit null exception at 0x00007f8614f06f2f to 0x00007f8614f09495
Event: 1.185 Thread 0x00007f86243fa000 Implicit null exception at 0x00007f8614f12829 to 0x00007f8614f151e9
Event: 1.456 Thread 0x00007f86243f8800 Implicit null exception at 0x00007f8614fb987b to 0x00007f8614fb9a05
Event: 1.621 Thread 0x00007f862400a000 Exception <a 'java/lang/ArrayIndexOutOfBoundsException': 18> (0x00000000ece2e180) thrown at [/HUDSON3/workspace/8-2-build-linux-amd64/jdk8u111/7883/hotspot/src/share/vm/interpreter/interpreterRuntime.cpp, line 366]
Event: 1.621 Thread 0x00007f862400a000 Exception <a 'java/lang/ArrayIndexOutOfBoundsException': 145> (0x00000000ece2fd00) thrown at [/HUDSON3/workspace/8-2-build-linux-amd64/jdk8u111/7883/hotspot/src/share/vm/interpreter/interpreterRuntime.cpp, line 366]
Event: 1.622 Thread 0x00007f862400a000 Exception <a 'java/lang/ArrayIndexOutOfBoundsException': 40> (0x00000000ece30fe8) thrown at [/HUDSON3/workspace/8-2-build-linux-amd64/jdk8u111/7883/hotspot/src/share/vm/interpreter/interpreterRuntime.cpp, line 366]

Events (10 events):
Event: 3.986 Thread 0x00007f862400a000 Uncommon trap: trap_request=0xffffff65 fr.pc=0x00007f8615407244
Event: 3.986 Thread 0x00007f862400a000 DEOPT PACKING pc=0x00007f8615407244 sp=0x00007f862acdb9e0
Event: 3.986 Thread 0x00007f862400a000 DEOPT UNPACKING pc=0x00007f8614bd8229 sp=0x00007f862acdb940 mode 2
Event: 4.032 Thread 0x00007f862400a000 DEOPT PACKING pc=0x00007f8614f8d0ec sp=0x00007f862acdb860
Event: 4.032 Thread 0x00007f862400a000 DEOPT UNPACKING pc=0x00007f8614c1a633 sp=0x00007f862acdb560 mode 0
Event: 4.062 Executing VM operation: EnableBiasedLocking
Event: 4.062 Executing VM operation: EnableBiasedLocking done
Event: 4.095 Thread 0x00007f86243f8800 DEOPT PACKING pc=0x00007f8614f8d0ec sp=0x00007f85f3770e50
Event: 4.095 Thread 0x00007f86243f8800 DEOPT UNPACKING pc=0x00007f8614c1a633 sp=0x00007f85f3770b50 mode 0
Event: 4.101 Executing VM operation: ParallelGCFailedAllocation


Dynamic libraries:
00400000-00401000 r-xp 00000000 fc:00 1969708                            /usr/lib/jvm/java-8-oracle/bin/java
00600000-00601000 rw-p 00000000 fc:00 1969708                            /usr/lib/jvm/java-8-oracle/bin/java
01a70000-01a91000 rw-p 00000000 00:00 0                                  [heap]
c0000000-c5300000 rw-p 00000000 00:00 0 
c5300000-eab00000 ---p 00000000 00:00 0 
eab00000-100000000 rw-p 00000000 00:00 0 
100000000-1000c0000 rw-p 00000000 00:00 0 
1000c0000-140000000 ---p 00000000 00:00 0 
7f85c4000000-7f85c4021000 rw-p 00000000 00:00 0 
7f85c4021000-7f85c8000000 ---p 00000000 00:00 0 
7f85c8000000-7f85c8021000 rw-p 00000000 00:00 0 
7f85c8021000-7f85cc000000 ---p 00000000 00:00 0 
7f85cc000000-7f85cc021000 rw-p 00000000 00:00 0 
7f85cc021000-7f85d0000000 ---p 00000000 00:00 0 
7f85d0000000-7f85d002f000 rw-p 00000000 00:00 0 
7f85d002f000-7f85d4000000 ---p 00000000 00:00 0 
7f85d4000000-7f85d4021000 rw-p 00000000 00:00 0 
7f85d4021000-7f85d8000000 ---p 00000000 00:00 0 
7f85d8000000-7f85d8035000 rw-p 00000000 00:00 0 
7f85d8035000-7f85dc000000 ---p 00000000 00:00 0 
7f85dc000000-7f85dc7b8000 rw-p 00000000 00:00 0 
7f85dc7b8000-7f85e0000000 ---p 00000000 00:00 0 
7f85e0000000-7f85e0021000 rw-p 00000000 00:00 0 
7f85e0021000-7f85e4000000 ---p 00000000 00:00 0 
7f85e4000000-7f85e4f34000 rw-p 00000000 00:00 0 
7f85e4f34000-7f85e8000000 ---p 00000000 00:00 0 
7f85e8000000-7f85e8a08000 rw-p 00000000 00:00 0 
7f85e8a08000-7f85ec000000 ---p 00000000 00:00 0 
7f85ec000000-7f85ec021000 rw-p 00000000 00:00 0 
7f85ec021000-7f85f0000000 ---p 00000000 00:00 0 
7f85f3263000-7f85f3470000 rw-p 00000000 00:00 0 
7f85f3470000-7f85f3473000 ---p 00000000 00:00 0 
7f85f3473000-7f85f3571000 rw-p 00000000 00:00 0 
7f85f3571000-7f85f3574000 ---p 00000000 00:00 0 
7f85f3574000-7f85f3672000 rw-p 00000000 00:00 0 
7f85f3672000-7f85f3675000 ---p 00000000 00:00 0 
7f85f3675000-7f85f3773000 rw-p 00000000 00:00 0 
7f85f3773000-7f85f3776000 ---p 00000000 00:00 0 
7f85f3776000-7f85f3874000 rw-p 00000000 00:00 0 
7f85f3874000-7f85f3877000 ---p 00000000 00:00 0 
7f85f3877000-7f85f3975000 rw-p 00000000 00:00 0 
7f85f3975000-7f85f39fa000 r--s 0064c000 fc:00 1993369                    /home/aipxperts/Dharmesh/jazzro/SRC/jazzro/SRC/app/build/intermediates/transforms/jarMerging/debug/jars/1/1f/combined.jar
7f85f39fa000-7f85f39fb000 ---p 00000000 00:00 0 
7f85f39fb000-7f85f3afb000 rw-p 00000000 00:00 0 
7f85f3afb000-7f85f3afe000 ---p 00000000 00:00 0 
7f85f3afe000-7f85f3bfc000 rw-p 00000000 00:00 0 
7f85f3bfc000-7f85f3bff000 ---p 00000000 00:00 0 
7f85f3bff000-7f85f3cfd000 rw-p 00000000 00:00 0 
7f85f3cfd000-7f85f3d00000 ---p 00000000 00:00 0 
7f85f3d00000-7f85f3dfe000 rw-p 00000000 00:00 0 
7f85f3dfe000-7f85f3e01000 ---p 00000000 00:00 0 
7f85f3e01000-7f85f3eff000 rw-p 00000000 00:00 0 
7f85f3eff000-7f85f3f02000 ---p 00000000 00:00 0 
7f85f3f02000-7f85f4000000 rw-p 00000000 00:00 0 
7f85f4000000-7f85f4021000 rw-p 00000000 00:00 0 
7f85f4021000-7f85f8000000 ---p 00000000 00:00 0 
7f85f8000000-7f85f8021000 rw-p 00000000 00:00 0 
7f85f8021000-7f85fc000000 ---p 00000000 00:00 0 
7f85fc000000-7f85fc021000 rw-p 00000000 00:00 0 
7f85fc021000-7f8600000000 ---p 00000000 00:00 0 
7f8600000000-7f8600021000 rw-p 00000000 00:00 0 
7f8600021000-7f8604000000 ---p 00000000 00:00 0 
7f8604035000-7f8604044000 r--s 000df000 fc:00 9521                       /home/aipxperts/Android/Sdk/build-tools/23.0.2/lib/dx.jar
7f8604044000-7f860431c000 r--p 00000000 fc:00 787872                     /usr/lib/locale/locale-archive
7f860431c000-7f860431f000 ---p 00000000 00:00 0 
7f860431f000-7f860441d000 rw-p 00000000 00:00 0 
7f860441d000-7f8604420000 ---p 00000000 00:00 0 
7f8604420000-7f860451e000 rw-p 00000000 00:00 0 
7f860451e000-7f860451f000 ---p 00000000 00:00 0 
7f860451f000-7f86055b2000 rw-p 00000000 00:00 0 
7f86055b2000-7f860578a000 r--s 03d2a000 fc:00 2102161                    /usr/lib/jvm/java-8-oracle/jre/lib/rt.jar
7f860578a000-7f8605e80000 rw-p 00000000 00:00 0 
7f8605e80000-7f8606000000 ---p 00000000 00:00 0 
7f8606000000-7f8608000000 rw-p 00000000 00:00 0 
7f8608000000-7f8608021000 rw-p 00000000 00:00 0 
7f8608021000-7f860c000000 ---p 00000000 00:00 0 
7f860c000000-7f860c021000 rw-p 00000000 00:00 0 
7f860c021000-7f8610000000 ---p 00000000 00:00 0 
7f8610000000-7f861028e000 rw-p 00000000 00:00 0 
7f861028e000-7f8614000000 ---p 00000000 00:00 0 
7f861400e000-7f861420e000 rw-p 00000000 00:00 0 
7f861420e000-7f861420f000 ---p 00000000 00:00 0 
7f861420f000-7f861430f000 rw-p 00000000 00:00 0 
7f861430f000-7f8614310000 ---p 00000000 00:00 0 
7f8614310000-7f8614410000 rw-p 00000000 00:00 0 
7f8614410000-7f8614411000 ---p 00000000 00:00 0 
7f8614411000-7f8614511000 rw-p 00000000 00:00 0 
7f8614511000-7f8614512000 ---p 00000000 00:00 0 
7f8614512000-7f861463c000 rw-p 00000000 00:00 0 
7f861463c000-7f8614767000 ---p 00000000 00:00 0 
7f8614767000-7f8614812000 rw-p 00000000 00:00 0 
7f8614812000-7f8614835000 rw-p 00000000 00:00 0 
7f8614835000-7f8614bd3000 ---p 00000000 00:00 0 
7f8614bd3000-7f8615433000 rwxp 00000000 00:00 0 
7f8615433000-7f8623bd3000 ---p 00000000 00:00 0 
7f8623bd3000-7f8623bed000 r-xp 00000000 fc:00 2232701                    /usr/lib/jvm/java-8-oracle/jre/lib/amd64/libzip.so
7f8623bed000-7f8623ded000 ---p 0001a000 fc:00 2232701                    /usr/lib/jvm/java-8-oracle/jre/lib/amd64/libzip.so
7f8623ded000-7f8623dee000 rw-p 0001a000 fc:00 2232701                    /usr/lib/jvm/java-8-oracle/jre/lib/amd64/libzip.so
7f8623dee000-7f8623df9000 r-xp 00000000 fc:00 1049458                    /lib/x86_64-linux-gnu/libnss_files-2.23.so
7f8623df9000-7f8623ff8000 ---p 0000b000 fc:00 1049458                    /lib/x86_64-linux-gnu/libnss_files-2.23.so
7f8623ff8000-7f8623ff9000 r--p 0000a000 fc:00 1049458                    /lib/x86_64-linux-gnu/libnss_files-2.23.so
7f8623ff9000-7f8623ffa000 rw-p 0000b000 fc:00 1049458                    /lib/x86_64-linux-gnu/libnss_files-2.23.so
7f8623ffa000-7f8624000000 rw-p 00000000 00:00 0 
7f8624000000-7f862446a000 rw-p 00000000 00:00 0 
7f862446a000-7f8628000000 ---p 00000000 00:00 0 
7f8628001000-7f862804c000 rw-p 00000000 00:00 0 
7f862804c000-7f8628178000 ---p 00000000 00:00 0 
7f8628178000-7f8628183000 r-xp 00000000 fc:00 1049443                    /lib/x86_64-linux-gnu/libnss_nis-2.23.so
7f8628183000-7f8628382000 ---p 0000b000 fc:00 1049443                    /lib/x86_64-linux-gnu/libnss_nis-2.23.so
7f8628382000-7f8628383000 r--p 0000a000 fc:00 1049443                    /lib/x86_64-linux-gnu/libnss_nis-2.23.so
7f8628383000-7f8628384000 rw-p 0000b000 fc:00 1049443                    /lib/x86_64-linux-gnu/libnss_nis-2.23.so
7f8628384000-7f862839a000 r-xp 00000000 fc:00 1049454                    /lib/x86_64-linux-gnu/libnsl-2.23.so
7f862839a000-7f8628599000 ---p 00016000 fc:00 1049454                    /lib/x86_64-linux-gnu/libnsl-2.23.so
7f8628599000-7f862859a000 r--p 00015000 fc:00 1049454                    /lib/x86_64-linux-gnu/libnsl-2.23.so
7f862859a000-7f862859b000 rw-p 00016000 fc:00 1049454                    /lib/x86_64-linux-gnu/libnsl-2.23.so
7f862859b000-7f862859d000 rw-p 00000000 00:00 0 
7f862859d000-7f86285a5000 r-xp 00000000 fc:00 1049455                    /lib/x86_64-linux-gnu/libnss_compat-2.23.so
7f86285a5000-7f86287a4000 ---p 00008000 fc:00 1049455                    /lib/x86_64-linux-gnu/libnss_compat-2.23.so
7f86287a4000-7f86287a5000 r--p 00007000 fc:00 1049455                    /lib/x86_64-linux-gnu/libnss_compat-2.23.so
7f86287a5000-7f86287a6000 rw-p 00008000 fc:00 1049455                    /lib/x86_64-linux-gnu/libnss_compat-2.23.so
7f86287a6000-7f86287d1000 r-xp 00000000 fc:00 2232726                    /usr/lib/jvm/java-8-oracle/jre/lib/amd64/libjava.so
7f86287d1000-7f86289d0000 ---p 0002b000 fc:00 2232726                    /usr/lib/jvm/java-8-oracle/jre/lib/amd64/libjava.so
7f86289d0000-7f86289d2000 rw-p 0002a000 fc:00 2232726                    /usr/lib/jvm/java-8-oracle/jre/lib/amd64/libjava.so
7f86289d2000-7f86289df000 r-xp 00000000 fc:00 2232679                    /usr/lib/jvm/java-8-oracle/jre/lib/amd64/libverify.so
7f86289df000-7f8628bde000 ---p 0000d000 fc:00 2232679                    /usr/lib/jvm/java-8-oracle/jre/lib/amd64/libverify.so
7f8628bde000-7f8628be0000 rw-p 0000c000 fc:00 2232679                    /usr/lib/jvm/java-8-oracle/jre/lib/amd64/libverify.so
7f8628be0000-7f8628be7000 r-xp 00000000 fc:00 1049442                    /lib/x86_64-linux-gnu/librt-2.23.so
7f8628be7000-7f8628de6000 ---p 00007000 fc:00 1049442                    /lib/x86_64-linux-gnu/librt-2.23.so
7f8628de6000-7f8628de7000 r--p 00006000 fc:00 1049442                    /lib/x86_64-linux-gnu/librt-2.23.so
7f8628de7000-7f8628de8000 rw-p 00007000 fc:00 1049442                    /lib/x86_64-linux-gnu/librt-2.23.so
7f8628de8000-7f8628ef0000 r-xp 00000000 fc:00 1049452                    /lib/x86_64-linux-gnu/libm-2.23.so
7f8628ef0000-7f86290ef000 ---p 00108000 fc:00 1049452                    /lib/x86_64-linux-gnu/libm-2.23.so
7f86290ef000-7f86290f0000 r--p 00107000 fc:00 1049452                    /lib/x86_64-linux-gnu/libm-2.23.so
7f86290f0000-7f86290f1000 rw-p 00108000 fc:00 1049452                    /lib/x86_64-linux-gnu/libm-2.23.so
7f86290f1000-7f8629dbe000 r-xp 00000000 fc:00 2360004                    /usr/lib/jvm/java-8-oracle/jre/lib/amd64/server/libjvm.so
7f8629dbe000-7f8629fbd000 ---p 00ccd000 fc:00 2360004                    /usr/lib/jvm/java-8-oracle/jre/lib/amd64/server/libjvm.so
7f8629fbd000-7f862a096000 rw-p 00ccc000 fc:00 2360004                    /usr/lib/jvm/java-8-oracle/jre/lib/amd64/server/libjvm.so
7f862a096000-7f862a0e1000 rw-p 00000000 00:00 0 
7f862a0e1000-7f862a2a0000 r-xp 00000000 fc:00 1049447                    /lib/x86_64-linux-gnu/libc-2.23.so
7f862a2a0000-7f862a4a0000 ---p 001bf000 fc:00 1049447                    /lib/x86_64-linux-gnu/libc-2.23.so
7f862a4a0000-7f862a4a4000 r--p 001bf000 fc:00 1049447                    /lib/x86_64-linux-gnu/libc-2.23.so
7f862a4a4000-7f862a4a6000 rw-p 001c3000 fc:00 1049447                    /lib/x86_64-linux-gnu/libc-2.23.so
7f862a4a6000-7f862a4aa000 rw-p 00000000 00:00 0 
7f862a4aa000-7f862a4ad000 r-xp 00000000 fc:00 1049446                    /lib/x86_64-linux-gnu/libdl-2.23.so
7f862a4ad000-7f862a6ac000 ---p 00003000 fc:00 1049446                    /lib/x86_64-linux-gnu/libdl-2.23.so
7f862a6ac000-7f862a6ad000 r--p 00002000 fc:00 1049446                    /lib/x86_64-linux-gnu/libdl-2.23.so
7f862a6ad000-7f862a6ae000 rw-p 00003000 fc:00 1049446                    /lib/x86_64-linux-gnu/libdl-2.23.so
7f862a6ae000-7f862a6c3000 r-xp 00000000 fc:00 1837447                    /usr/lib/jvm/java-8-oracle/lib/amd64/jli/libjli.so
7f862a6c3000-7f862a8c3000 ---p 00015000 fc:00 1837447                    /usr/lib/jvm/java-8-oracle/lib/amd64/jli/libjli.so
7f862a8c3000-7f862a8c4000 rw-p 00015000 fc:00 1837447                    /usr/lib/jvm/java-8-oracle/lib/amd64/jli/libjli.so
7f862a8c4000-7f862a8dc000 r-xp 00000000 fc:00 1049453                    /lib/x86_64-linux-gnu/libpthread-2.23.so
7f862a8dc000-7f862aadb000 ---p 00018000 fc:00 1049453                    /lib/x86_64-linux-gnu/libpthread-2.23.so
7f862aadb000-7f862aadc000 r--p 00017000 fc:00 1049453                    /lib/x86_64-linux-gnu/libpthread-2.23.so
7f862aadc000-7f862aadd000 rw-p 00018000 fc:00 1049453                    /lib/x86_64-linux-gnu/libpthread-2.23.so
7f862aadd000-7f862aae1000 rw-p 00000000 00:00 0 
7f862aae1000-7f862ab07000 r-xp 00000000 fc:00 1049423                    /lib/x86_64-linux-gnu/ld-2.23.so
7f862ab0b000-7f862abdd000 rw-p 00000000 00:00 0 
7f862abdd000-7f862abe0000 ---p 00000000 00:00 0 
7f862abe0000-7f862ace2000 rw-p 00000000 00:00 0 
7f862ace6000-7f862acfa000 rw-p 00000000 00:00 0 
7f862acfa000-7f862ad02000 rw-s 00000000 fc:00 1493007                    /tmp/hsperfdata_aipxperts/5817
7f862ad02000-7f862ad03000 rw-p 00000000 00:00 0 
7f862ad03000-7f862ad04000 ---p 00000000 00:00 0 
7f862ad04000-7f862ad06000 rw-p 00000000 00:00 0 
7f862ad06000-7f862ad07000 r--p 00025000 fc:00 1049423                    /lib/x86_64-linux-gnu/ld-2.23.so
7f862ad07000-7f862ad08000 rw-p 00026000 fc:00 1049423                    /lib/x86_64-linux-gnu/ld-2.23.so
7f862ad08000-7f862ad09000 rw-p 00000000 00:00 0 
7fff815dd000-7fff815ff000 rw-p 00000000 00:00 0                          [stack]
7fff817bd000-7fff817bf000 r--p 00000000 00:00 0                          [vvar]
7fff817bf000-7fff817c1000 r-xp 00000000 00:00 0                          [vdso]
ffffffffff600000-ffffffffff601000 r-xp 00000000 00:00 0                  [vsyscall]

VM Arguments:
jvm_args: -Djava.awt.headless=true -Xmx1024M -Dfile.encoding=UTF-8 -Duser.country=IN -Duser.language=en -Duser.variant 
java_command: com.android.dx.command.Main --dex --num-threads=4 --multi-dex --main-dex-list /home/aipxperts/Dharmesh/jazzro/SRC/jazzro/SRC/app/build/intermediates/multi-dex/debug/maindexlist.txt --output /home/aipxperts/Dharmesh/jazzro/SRC/jazzro/SRC/app/build/intermediates/transforms/dex/debug/folders/1000/1f/main /home/aipxperts/Dharmesh/jazzro/SRC/jazzro/SRC/app/build/intermediates/transforms/jarMerging/debug/jars/1/1f/combined.jar
java_class_path (initial): /home/aipxperts/Android/Sdk/build-tools/23.0.2/lib/dx.jar
Launcher Type: SUN_STANDARD

Environment Variables:
JAVA_HOME=/usr/lib/jvm/java-8-oracle
PATH=/usr/local/sbin:/usr/local/bin:/usr/sbin:/usr/bin:/sbin:/bin:/usr/games:/usr/local/games:/snap/bin:/usr/lib/jvm/java-8-oracle/bin:/usr/lib/jvm/java-8-oracle/db/bin:/usr/lib/jvm/java-8-oracle/jre/bin
LD_LIBRARY_PATH=.:
SHELL=/bin/bash
DISPLAY=:0

Signal Handlers:
SIGSEGV: [libjvm.so+0xac64b0], sa_mask[0]=11111111011111111101111111111110, sa_flags=SA_RESTART|SA_SIGINFO
SIGBUS: [libjvm.so+0xac64b0], sa_mask[0]=11111111011111111101111111111110, sa_flags=SA_RESTART|SA_SIGINFO
SIGFPE: [libjvm.so+0x91f950], sa_mask[0]=11111111011111111101111111111110, sa_flags=SA_RESTART|SA_SIGINFO
SIGPIPE: [libjvm.so+0x91f950], sa_mask[0]=11111111011111111101111111111110, sa_flags=SA_RESTART|SA_SIGINFO
SIGXFSZ: [libjvm.so+0x91f950], sa_mask[0]=11111111011111111101111111111110, sa_flags=SA_RESTART|SA_SIGINFO
SIGILL: [libjvm.so+0x91f950], sa_mask[0]=11111111011111111101111111111110, sa_flags=SA_RESTART|SA_SIGINFO
SIGUSR1: SIG_DFL, sa_mask[0]=00000000000000000000000000000000, sa_flags=none
SIGUSR2: [libjvm.so+0x920f80], sa_mask[0]=00100000000000000000000000000000, sa_flags=SA_RESTART|SA_SIGINFO
SIGHUP: [libjvm.so+0x922380], sa_mask[0]=11111111011111111101111111111110, sa_flags=SA_RESTART|SA_SIGINFO
SIGINT: [libjvm.so+0x922380], sa_mask[0]=11111111011111111101111111111110, sa_flags=SA_RESTART|SA_SIGINFO
SIGTERM: [libjvm.so+0x922380], sa_mask[0]=11111111011111111101111111111110, sa_flags=SA_RESTART|SA_SIGINFO
SIGQUIT: [libjvm.so+0x922380], sa_mask[0]=11111111011111111101111111111110, sa_flags=SA_RESTART|SA_SIGINFO


---------------  S Y S T E M  ---------------

OS:DISTRIB_ID=Ubuntu
DISTRIB_RELEASE=16.04
DISTRIB_CODENAME=xenial
DISTRIB_DESCRIPTION="Ubuntu 16.04.1 LTS"

uname:Linux 4.4.0-53-generic #74-Ubuntu SMP Fri Dec 2 15:59:10 UTC 2016 x86_64
libc:glibc 2.23 NPTL 2.23 
rlimit: STACK 8192k, CORE 0k, NPROC 31556, NOFILE 65536, AS infinity
load average:2.65 2.13 2.25

/proc/meminfo:
MemTotal:        8119968 kB
MemFree:          656952 kB
MemAvailable:    1151196 kB
Buffers:           65648 kB
Cached:           763752 kB
SwapCached:        35800 kB
Active:          5649516 kB
Inactive:        1478984 kB
Active(anon):    5225960 kB
Inactive(anon):  1252396 kB
Active(file):     423556 kB
Inactive(file):   226588 kB
Unevictable:         176 kB
Mlocked:             176 kB
SwapTotal:       8335356 kB
SwapFree:        7625452 kB
Dirty:             50420 kB
Writeback:             0 kB
AnonPages:       6287028 kB
Mapped:           359876 kB
Shmem:            179256 kB
Slab:             174776 kB
SReclaimable:     126840 kB
SUnreclaim:        47936 kB
KernelStack:       15680 kB
PageTables:        67520 kB
NFS_Unstable:          0 kB
Bounce:                0 kB
WritebackTmp:          0 kB
CommitLimit:    12395340 kB
Committed_AS:   13568084 kB
VmallocTotal:   34359738367 kB
VmallocUsed:           0 kB
VmallocChunk:          0 kB
HardwareCorrupted:     0 kB
AnonHugePages:   3719168 kB
CmaTotal:              0 kB
CmaFree:               0 kB
HugePages_Total:       0
HugePages_Free:        0
HugePages_Rsvd:        0
HugePages_Surp:        0
Hugepagesize:       2048 kB
DirectMap4k:      206960 kB
DirectMap2M:     8126464 kB


CPU:total 4 (2 cores per cpu, 2 threads per core) family 6 model 58 stepping 9, cmov, cx8, fxsr, mmx, sse, sse2, sse3, ssse3, sse4.1, sse4.2, popcnt, avx, clmul, erms, ht, tsc, tscinvbit, tscinv

/proc/cpuinfo:
processor	: 0
vendor_id	: GenuineIntel
cpu family	: 6
model		: 58
model name	: Intel(R) Core(TM) i3-3210 CPU @ 3.20GHz
stepping	: 9
microcode	: 0x1c
cpu MHz		: 3200.000
cache size	: 3072 KB
physical id	: 0
siblings	: 4
core id		: 0
cpu cores	: 2
apicid		: 0
initial apicid	: 0
fpu		: yes
fpu_exception	: yes
cpuid level	: 13
wp		: yes
flags		: fpu vme de pse tsc msr pae mce cx8 apic sep mtrr pge mca cmov pat pse36 clflush dts acpi mmx fxsr sse sse2 ss ht tm pbe syscall nx rdtscp lm constant_tsc arch_perfmon pebs bts rep_good nopl xtopology nonstop_tsc aperfmperf eagerfpu pni pclmulqdq dtes64 monitor ds_cpl vmx est tm2 ssse3 cx16 xtpr pdcm pcid sse4_1 sse4_2 popcnt tsc_deadline_timer xsave avx f16c lahf_lm epb tpr_shadow vnmi flexpriority ept vpid fsgsbase smep erms xsaveopt dtherm arat pln pts
bugs		:
bogomips	: 6385.50
clflush size	: 64
cache_alignment	: 64
address sizes	: 36 bits physical, 48 bits virtual
power management:

processor	: 1
vendor_id	: GenuineIntel
cpu family	: 6
model		: 58
model name	: Intel(R) Core(TM) i3-3210 CPU @ 3.20GHz
stepping	: 9
microcode	: 0x1c
cpu MHz		: 3200.000
cache size	: 3072 KB
physical id	: 0
siblings	: 4
core id		: 1
cpu cores	: 2
apicid		: 2
initial apicid	: 2
fpu		: yes
fpu_exception	: yes
cpuid level	: 13
wp		: yes
flags		: fpu vme de pse tsc msr pae mce cx8 apic sep mtrr pge mca cmov pat pse36 clflush dts acpi mmx fxsr sse sse2 ss ht tm pbe syscall nx rdtscp lm constant_tsc arch_perfmon pebs bts rep_good nopl xtopology nonstop_tsc aperfmperf eagerfpu pni pclmulqdq dtes64 monitor ds_cpl vmx est tm2 ssse3 cx16 xtpr pdcm pcid sse4_1 sse4_2 popcnt tsc_deadline_timer xsave avx f16c lahf_lm epb tpr_shadow vnmi flexpriority ept vpid fsgsbase smep erms xsaveopt dtherm arat pln pts
bugs		:
bogomips	: 6385.50
clflush size	: 64
cache_alignment	: 64
address sizes	: 36 bits physical, 48 bits virtual
power management:

processor	: 2
vendor_id	: GenuineIntel
cpu family	: 6
model		: 58
model name	: Intel(R) Core(TM) i3-3210 CPU @ 3.20GHz
stepping	: 9
microcode	: 0x1c
cpu MHz		: 3200.000
cache size	: 3072 KB
physical id	: 0
siblings	: 4
core id		: 0
cpu cores	: 2
apicid		: 1
initial apicid	: 1
fpu		: yes
fpu_exception	: yes
cpuid level	: 13
wp		: yes
flags		: fpu vme de pse tsc msr pae mce cx8 apic sep mtrr pge mca cmov pat pse36 clflush dts acpi mmx fxsr sse sse2 ss ht tm pbe syscall nx rdtscp lm constant_tsc arch_perfmon pebs bts rep_good nopl xtopology nonstop_tsc aperfmperf eagerfpu pni pclmulqdq dtes64 monitor ds_cpl vmx est tm2 ssse3 cx16 xtpr pdcm pcid sse4_1 sse4_2 popcnt tsc_deadline_timer xsave avx f16c lahf_lm epb tpr_shadow vnmi flexpriority ept vpid fsgsbase smep erms xsaveopt dtherm arat pln pts
bugs		:
bogomips	: 6385.50
clflush size	: 64
cache_alignment	: 64
address sizes	: 36 bits physical, 48 bits virtual
power management:

processor	: 3
vendor_id	: GenuineIntel
cpu family	: 6
model		: 58
model name	: Intel(R) Core(TM) i3-3210 CPU @ 3.20GHz
stepping	: 9
microcode	: 0x1c
cpu MHz		: 3200.000
cache size	: 3072 KB
physical id	: 0
siblings	: 4
core id		: 1
cpu cores	: 2
apicid		: 3
initial apicid	: 3
fpu		: yes
fpu_exception	: yes
cpuid level	: 13
wp		: yes
flags		: fpu vme de pse tsc msr pae mce cx8 apic sep mtrr pge mca cmov pat pse36 clflush dts acpi mmx fxsr sse sse2 ss ht tm pbe syscall nx rdtscp lm constant_tsc arch_perfmon pebs bts rep_good nopl xtopology nonstop_tsc aperfmperf eagerfpu pni pclmulqdq dtes64 monitor ds_cpl vmx est tm2 ssse3 cx16 xtpr pdcm pcid sse4_1 sse4_2 popcnt tsc_deadline_timer xsave avx f16c lahf_lm epb tpr_shadow vnmi flexpriority ept vpid fsgsbase smep erms xsaveopt dtherm arat pln pts
bugs		:
bogomips	: 6385.50
clflush size	: 64
cache_alignment	: 64
address sizes	: 36 bits physical, 48 bits virtual
power management:



Memory: 4k page, physical 8119968k(656952k free), swap 8335356k(7625452k free)

vm_info: Java HotSpot(TM) 64-Bit Server VM (25.111-b14) for linux-amd64 JRE (1.8.0_111-b14), built on Sep 22 2016 16:14:03 by "java_re" with gcc 4.3.0 20080428 (Red Hat 4.3.0-8)

time: Mon Apr 24 17:41:50 2017
elapsed time: 4 seconds (0d 0h 0m 4s)

