#
# A fatal error has been detected by the Java Runtime Environment:
#
#  SIGSEGV (0xb) at pc=0x00007f1e1a1e08c0, pid=4453, tid=0x00007f1e043ba700
#
# JRE version: Java(TM) SE Runtime Environment (8.0_111-b14) (build 1.8.0_111-b14)
# Java VM: Java HotSpot(TM) 64-Bit Server VM (25.111-b14 mixed mode linux-amd64 compressed oops)
# Problematic frame:
# C  [libc.so.6+0x15d8c0]
#
# Failed to write core dump. Core dumps have been disabled. To enable core dumping, try "ulimit -c unlimited" before starting Java again
#
# If you would like to submit a bug report, please visit:
#   http://bugreport.java.com/bugreport/crash.jsp
#

---------------  T H R E A D  ---------------

Current thread (0x00007f1e14022800):  GCTaskThread [stack: 0x00007f1e042ba000,0x00007f1e043bb000] [id=4461]

siginfo: si_signo: 11 (SIGSEGV), si_code: 2 (SEGV_ACCERR), si_addr: 0x0000000136398ef0

Registers:
RAX=0x00000000fd200000, RBX=0x00007f1e043b9910, RCX=0x0000000000000000, RDX=0x0000000000080000
RSP=0x00007f1e043b9888, RBP=0x00007f1e043b98c0, RSI=0x0000000136398ef0, RDI=0x00000000fd200000
R8 =0x0000000008000000, R9 =0x00007f1e031b9000, R10=0x00000000003b1cc7, R11=0x0000000000200000
R12=0x0000000000000000, R13=0x0000000000080000, R14=0x0000000136398ef0, R15=0x0000000000010000
RIP=0x00007f1e1a1e08c0, EFLAGS=0x0000000000010202, CSGSFS=0x0000000000000033, ERR=0x0000000000000004
  TRAPNO=0x000000000000000e

Top of Stack: (sp=0x00007f1e043b9888)
0x00007f1e043b9888:   00007f1e19a16f28 0000000100000000
0x00007f1e043b9898:   0000000136398ef0 00000000000007a4
0x00007f1e043b98a8:   00007f1e1a055f68 00007f1e1a055f60
0x00007f1e043b98b8:   00007f1e043b99d8 00007f1e043b9990
0x00007f1e043b98c8:   00007f1e19a19ee3 00000000c2e09f88
0x00007f1e043b98d8:   00007f1e043b995c 00007f1e043b9950
0x00007f1e043b98e8:   00007f1e043b9910 00007f1e14074c70
0x00007f1e043b98f8:   00007f1e1ac9b1a0 00000000000007a5
0x00007f1e043b9908:   00000000000031e0 00007f1e19ff9b40
0x00007f1e043b9918:   00007f1e1a056220 00007f1e14074c70
0x00007f1e043b9928:   0000000000010000 0000000136398ef0
0x00007f1e043b9938:   0000000000000000 00000000fd200000
0x00007f1e043b9948:   00007f1e19a19b00 00000000ffffa970
0x00007f1e043b9958:   00000002043b99dc 00007f1e043b99d0
0x00007f1e043b9968:   00007f1e14074790 00007f1e1a052200
0x00007f1e043b9978:   0000000000000002 00007f1e14074c70
0x00007f1e043b9988:   00007f1e043b99d8 00007f1e043b9a10
0x00007f1e043b9998:   00007f1e19a0cfc1 00007f1e043b99b0
0x00007f1e043b99a8:   00007f1e043b99c0 00000000c3bd8520
0x00007f1e043b99b8:   00007f1e14017cf0 0000000c00000006
0x00007f1e043b99c8:   00007f1e14022800 0000000d00000006
0x00007f1e043b99d8:   00000000000007a4 0000000200000000
0x00007f1e043b99e8:   0000000000000000 00007f1e140749e0
0x00007f1e043b99f8:   0000000000000002 00007f1e043b9a44
0x00007f1e043b9a08:   00007f1e043b9a38 00007f1e043b9a70
0x00007f1e043b9a18:   00007f1e199f3069 00007f1e1401ec70
0x00007f1e043b9a28:   00007f1dcc06d3c0 00007f1e14074c70
0x00007f1e043b9a38:   000000000000006c 67486463043b9a70
0x00007f1e043b9a48:   00007f1dcc06d3c0 00007f1e14022800
0x00007f1e043b9a58:   0000000000000001 00007f1e14023200
0x00007f1e043b9a68:   00007f1e19be27e0 00007f1e043b9b80
0x00007f1e043b9a78:   00007f1e1966a29f 0000000000000000 

Instructions: (pc=0x00007f1e1a1e08c0)
0x00007f1e1a1e08a0:   fa 90 00 00 00 73 19 48 01 d6 48 01 d7 4c 8d 1d
0x00007f1e1a1e08b0:   dc 7e 03 00 49 63 14 93 49 8d 14 13 ff e2 0f 0b
0x00007f1e1a1e08c0:   f3 0f 6f 06 49 89 f8 48 83 e7 f0 48 83 c7 10 49
0x00007f1e1a1e08d0:   89 f9 4d 29 c1 4c 29 ca 4c 01 ce 49 89 f1 49 83 

Register to memory mapping:

RAX=0x00000000fd200000 is an oop
[C 
 - klass: {type array char}
 - length: 46
RBX=0x00007f1e043b9910 is an unknown value
RCX=0x0000000000000000 is an unknown value
RDX=0x0000000000080000 is an unknown value
RSP=0x00007f1e043b9888 is an unknown value
RBP=0x00007f1e043b98c0 is an unknown value
RSI=0x0000000136398ef0 is an unknown value
RDI=0x00000000fd200000 is an oop
[C 
 - klass: {type array char}
 - length: 46
R8 =0x0000000008000000 is an unknown value
R9 =0x00007f1e031b9000 is an unknown value
R10=0x00000000003b1cc7 is an unknown value
R11=0x0000000000200000 is an unknown value
R12=0x0000000000000000 is an unknown value
R13=0x0000000000080000 is an unknown value
R14=0x0000000136398ef0 is an unknown value
R15=0x0000000000010000 is an unknown value


Stack: [0x00007f1e042ba000,0x00007f1e043bb000],  sp=0x00007f1e043b9888,  free space=1022k
Native frames: (J=compiled Java code, j=interpreted, Vv=VM code, C=native code)
C  [libc.so.6+0x15d8c0]
V  [libjvm.so+0x986ee3]  PSParallelCompact::fill_region(ParCompactionManager*, unsigned long)+0x753
V  [libjvm.so+0x979fc1]  ParCompactionManager::drain_region_stacks()+0x141
V  [libjvm.so+0x960069]  StealRegionCompactionTask::do_it(GCTaskManager*, unsigned int)+0x139
V  [libjvm.so+0x5d729f]  GCTaskThread::run()+0x12f
V  [libjvm.so+0x924ea8]  java_start(Thread*)+0x108


---------------  P R O C E S S  ---------------

Java Threads: ( => current thread )
  0x00007f1e142e1800 JavaThread "pool-2-thread-4" [_thread_blocked, id=4476, stack(0x00007f1dfb41f000,0x00007f1dfb520000)]
  0x00007f1e142e0000 JavaThread "pool-2-thread-3" [_thread_blocked, id=4475, stack(0x00007f1dfb520000,0x00007f1dfb621000)]
  0x00007f1e142df000 JavaThread "pool-2-thread-2" [_thread_blocked, id=4474, stack(0x00007f1dfb621000,0x00007f1dfb722000)]
  0x00007f1e142d1000 JavaThread "pool-3-thread-1" [_thread_blocked, id=4473, stack(0x00007f1dfb722000,0x00007f1dfb823000)]
  0x00007f1e142ce800 JavaThread "pool-2-thread-1" [_thread_blocked, id=4472, stack(0x00007f1dfb823000,0x00007f1dfb924000)]
  0x00007f1e140d2000 JavaThread "Service Thread" daemon [_thread_blocked, id=4470, stack(0x00007f1dfba25000,0x00007f1dfbb26000)]
  0x00007f1e140bd000 JavaThread "C1 CompilerThread2" daemon [_thread_blocked, id=4469, stack(0x00007f1dfbb26000,0x00007f1dfbc27000)]
  0x00007f1e140bb000 JavaThread "C2 CompilerThread1" daemon [_thread_blocked, id=4468, stack(0x00007f1dfbc27000,0x00007f1dfbd28000)]
  0x00007f1e140b8800 JavaThread "C2 CompilerThread0" daemon [_thread_blocked, id=4467, stack(0x00007f1e000b2000,0x00007f1e001b3000)]
  0x00007f1e140b7000 JavaThread "Signal Dispatcher" daemon [_thread_blocked, id=4466, stack(0x00007f1e001b3000,0x00007f1e002b4000)]
  0x00007f1e14084000 JavaThread "Finalizer" daemon [_thread_blocked, id=4465, stack(0x00007f1e002b4000,0x00007f1e003b5000)]
  0x00007f1e1407f800 JavaThread "Reference Handler" daemon [_thread_blocked, id=4464, stack(0x00007f1e003b5000,0x00007f1e004b6000)]
  0x00007f1e1400a000 JavaThread "main" [_thread_blocked, id=4458, stack(0x00007f1e1ab7f000,0x00007f1e1ac80000)]

Other Threads:
  0x00007f1e14078000 VMThread [stack: 0x00007f1e004b6000,0x00007f1e005b7000] [id=4463]
  0x00007f1e140e5000 WatcherThread [stack: 0x00007f1dfb924000,0x00007f1dfba25000] [id=4471]

=>0x00007f1e14022800 (exited) GCTaskThread [stack: 0x00007f1e042ba000,0x00007f1e043bb000] [id=4461]

VM state:at safepoint (normal execution)

VM Mutex/Monitor currently owned by a thread:  ([mutex/lock_event])
[0x00007f1e14006570] Threads_lock - owner thread: 0x00007f1e14078000
[0x00007f1e14006a70] Heap_lock - owner thread: 0x00007f1e142ce800

Heap:
 PSYoungGen      total 267264K, used 48106K [0x00000000eab00000, 0x0000000100000000, 0x0000000100000000)
  eden space 219136K, 0% used [0x00000000eab00000,0x00000000eab00000,0x00000000f8100000)
  from space 48128K, 99% used [0x00000000fd100000,0x00000000ffffa970,0x0000000100000000)
  to   space 65024K, 0% used [0x00000000f8100000,0x00000000f8100000,0x00000000fc080000)
 ParOldGen       total 84992K, used 70572K [0x00000000c0000000, 0x00000000c5300000, 0x00000000eab00000)
  object space 84992K, 83% used [0x00000000c0000000,0x00000000c44eb310,0x00000000c5300000)
 Metaspace       used 6607K, capacity 7256K, committed 7424K, reserved 1056768K
  class space    used 634K, capacity 656K, committed 768K, reserved 1048576K

Card table byte_map: [0x00007f1e04612000,0x00007f1e04813000] byte_map_base: 0x00007f1e04012000

Marking Bits: (ParMarkBitMap*) 0x00007f1e1a056220
 Begin Bits: [0x00007f1e021b9000, 0x00007f1e031b9000)
 End Bits:   [0x00007f1e031b9000, 0x00007f1e041b9000)

Polling page: 0x00007f1e1aca5000

CodeCache: size=245760Kb used=8826Kb max_used=8826Kb free=236933Kb
 bounds [0x00007f1e04bd3000, 0x00007f1e05483000, 0x00007f1e13bd3000]
 total_blobs=2512 nmethods=2242 adapters=183
 compilation: enabled

Compilation events (10 events):
Event: 3.880 Thread 0x00007f1e140bd000 2431       2       com.android.dx.dex.file.AnnotationUtils::makeCstArray (57 bytes)
Event: 3.881 Thread 0x00007f1e140bd000 nmethod 2431 0x00007f1e05471e10 code [0x00007f1e05472020, 0x00007f1e05472738]
Event: 3.891 Thread 0x00007f1e140bd000 2432       3       com.android.dx.cf.code.ByteCatchList::listFor (120 bytes)
Event: 3.892 Thread 0x00007f1e140bd000 nmethod 2432 0x00007f1e05472f50 code [0x00007f1e054731e0, 0x00007f1e054746c8]
Event: 3.903 Thread 0x00007f1e140bd000 2434 %     3       com.android.dx.cf.iface.StdAttributeList::byteLength @ 9 (35 bytes)
Event: 3.904 Thread 0x00007f1e140bd000 nmethod 2434% 0x00007f1e05475310 code [0x00007f1e054754c0, 0x00007f1e05475b78]
Event: 3.917 Thread 0x00007f1e140bd000 2436       2       java.util.zip.ZipUtils::dosToJavaTime (71 bytes)
Event: 3.917 Thread 0x00007f1e140bd000 nmethod 2436 0x00007f1e05475dd0 code [0x00007f1e05475f40, 0x00007f1e054761f8]
Event: 3.917 Thread 0x00007f1e140bd000 2435       2       com.android.dx.dex.file.AnnotationUtils::makeThrows (40 bytes)
Event: 3.918 Thread 0x00007f1e140bd000 nmethod 2435 0x00007f1e05476350 code [0x00007f1e05476500, 0x00007f1e05476868]

GC Heap History (10 events):
Event: 0.991 GC heap after
Heap after GC invocations=4 (full 0):
 PSYoungGen      total 132096K, used 5089K [0x00000000eab00000, 0x00000000f3100000, 0x0000000100000000)
  eden space 126976K, 0% used [0x00000000eab00000,0x00000000eab00000,0x00000000f2700000)
  from space 5120K, 99% used [0x00000000f2c00000,0x00000000f30f8510,0x00000000f3100000)
  to   space 5120K, 0% used [0x00000000f2700000,0x00000000f2700000,0x00000000f2c00000)
 ParOldGen       total 84992K, used 6242K [0x00000000c0000000, 0x00000000c5300000, 0x00000000eab00000)
  object space 84992K, 7% used [0x00000000c0000000,0x00000000c0618a18,0x00000000c5300000)
 Metaspace       used 6009K, capacity 6936K, committed 7168K, reserved 1056768K
  class space    used 614K, capacity 656K, committed 768K, reserved 1048576K
}
Event: 1.632 GC heap before
{Heap before GC invocations=5 (full 0):
 PSYoungGen      total 132096K, used 132065K [0x00000000eab00000, 0x00000000f3100000, 0x0000000100000000)
  eden space 126976K, 100% used [0x00000000eab00000,0x00000000f2700000,0x00000000f2700000)
  from space 5120K, 99% used [0x00000000f2c00000,0x00000000f30f8510,0x00000000f3100000)
  to   space 5120K, 0% used [0x00000000f2700000,0x00000000f2700000,0x00000000f2c00000)
 ParOldGen       total 84992K, used 6242K [0x00000000c0000000, 0x00000000c5300000, 0x00000000eab00000)
  object space 84992K, 7% used [0x00000000c0000000,0x00000000c0618a18,0x00000000c5300000)
 Metaspace       used 6241K, capacity 7064K, committed 7424K, reserved 1056768K
  class space    used 633K, capacity 656K, committed 768K, reserved 1048576K
Event: 1.685 GC heap after
Heap after GC invocations=5 (full 0):
 PSYoungGen      total 132096K, used 5119K [0x00000000eab00000, 0x00000000fce00000, 0x0000000100000000)
  eden space 126976K, 0% used [0x00000000eab00000,0x00000000eab00000,0x00000000f2700000)
  from space 5120K, 99% used [0x00000000f2700000,0x00000000f2bffd28,0x00000000f2c00000)
  to   space 22016K, 0% used [0x00000000fb880000,0x00000000fb880000,0x00000000fce00000)
 ParOldGen       total 84992K, used 25041K [0x00000000c0000000, 0x00000000c5300000, 0x00000000eab00000)
  object space 84992K, 29% used [0x00000000c0000000,0x00000000c18744c8,0x00000000c5300000)
 Metaspace       used 6241K, capacity 7064K, committed 7424K, reserved 1056768K
  class space    used 633K, capacity 656K, committed 768K, reserved 1048576K
}
Event: 2.236 GC heap before
{Heap before GC invocations=6 (full 0):
 PSYoungGen      total 132096K, used 132095K [0x00000000eab00000, 0x00000000fce00000, 0x0000000100000000)
  eden space 126976K, 100% used [0x00000000eab00000,0x00000000f2700000,0x00000000f2700000)
  from space 5120K, 99% used [0x00000000f2700000,0x00000000f2bffd28,0x00000000f2c00000)
  to   space 22016K, 0% used [0x00000000fb880000,0x00000000fb880000,0x00000000fce00000)
 ParOldGen       total 84992K, used 25041K [0x00000000c0000000, 0x00000000c5300000, 0x00000000eab00000)
  object space 84992K, 29% used [0x00000000c0000000,0x00000000c18744c8,0x00000000c5300000)
 Metaspace       used 6422K, capacity 7192K, committed 7424K, reserved 1056768K
  class space    used 634K, capacity 656K, committed 768K, reserved 1048576K
Event: 2.276 GC heap after
Heap after GC invocations=6 (full 0):
 PSYoungGen      total 269824K, used 22007K [0x00000000eab00000, 0x00000000fda00000, 0x0000000100000000)
  eden space 247808K, 0% used [0x00000000eab00000,0x00000000eab00000,0x00000000f9d00000)
  from space 22016K, 99% used [0x00000000fb880000,0x00000000fcdfde40,0x00000000fce00000)
  to   space 28160K, 0% used [0x00000000f9d00000,0x00000000f9d00000,0x00000000fb880000)
 ParOldGen       total 84992K, used 26964K [0x00000000c0000000, 0x00000000c5300000, 0x00000000eab00000)
  object space 84992K, 31% used [0x00000000c0000000,0x00000000c1a55310,0x00000000c5300000)
 Metaspace       used 6422K, capacity 7192K, committed 7424K, reserved 1056768K
  class space    used 634K, capacity 656K, committed 768K, reserved 1048576K
}
Event: 3.055 GC heap before
{Heap before GC invocations=7 (full 0):
 PSYoungGen      total 269824K, used 269815K [0x00000000eab00000, 0x00000000fda00000, 0x0000000100000000)
  eden space 247808K, 100% used [0x00000000eab00000,0x00000000f9d00000,0x00000000f9d00000)
  from space 22016K, 99% used [0x00000000fb880000,0x00000000fcdfde40,0x00000000fce00000)
  to   space 28160K, 0% used [0x00000000f9d00000,0x00000000f9d00000,0x00000000fb880000)
 ParOldGen       total 84992K, used 26964K [0x00000000c0000000, 0x00000000c5300000, 0x00000000eab00000)
  object space 84992K, 31% used [0x00000000c0000000,0x00000000c1a55310,0x00000000c5300000)
 Metaspace       used 6524K, capacity 7192K, committed 7424K, reserved 1056768K
  class space    used 634K, capacity 656K, committed 768K, reserved 1048576K
Event: 3.145 GC heap after
Heap after GC invocations=7 (full 0):
 PSYoungGen      total 275968K, used 28150K [0x00000000eab00000, 0x0000000100000000, 0x0000000100000000)
  eden space 247808K, 0% used [0x00000000eab00000,0x00000000eab00000,0x00000000f9d00000)
  from space 28160K, 99% used [0x00000000f9d00000,0x00000000fb87d880,0x00000000fb880000)
  to   space 48128K, 0% used [0x00000000fd100000,0x00000000fd100000,0x0000000100000000)
 ParOldGen       total 84992K, used 54308K [0x00000000c0000000, 0x00000000c5300000, 0x00000000eab00000)
  object space 84992K, 63% used [0x00000000c0000000,0x00000000c35090f8,0x00000000c5300000)
 Metaspace       used 6524K, capacity 7192K, committed 7424K, reserved 1056768K
  class space    used 634K, capacity 656K, committed 768K, reserved 1048576K
}
Event: 3.923 GC heap before
{Heap before GC invocations=8 (full 0):
 PSYoungGen      total 275968K, used 275958K [0x00000000eab00000, 0x0000000100000000, 0x0000000100000000)
  eden space 247808K, 100% used [0x00000000eab00000,0x00000000f9d00000,0x00000000f9d00000)
  from space 28160K, 99% used [0x00000000f9d00000,0x00000000fb87d880,0x00000000fb880000)
  to   space 48128K, 0% used [0x00000000fd100000,0x00000000fd100000,0x0000000100000000)
 ParOldGen       total 84992K, used 54308K [0x00000000c0000000, 0x00000000c5300000, 0x00000000eab00000)
  object space 84992K, 63% used [0x00000000c0000000,0x00000000c35090f8,0x00000000c5300000)
 Metaspace       used 6607K, capacity 7256K, committed 7424K, reserved 1056768K
  class space    used 634K, capacity 656K, committed 768K, reserved 1048576K
Event: 4.043 GC heap after
Heap after GC invocations=8 (full 0):
 PSYoungGen      total 267264K, used 48106K [0x00000000eab00000, 0x0000000100000000, 0x0000000100000000)
  eden space 219136K, 0% used [0x00000000eab00000,0x00000000eab00000,0x00000000f8100000)
  from space 48128K, 99% used [0x00000000fd100000,0x00000000ffffa970,0x0000000100000000)
  to   space 65024K, 0% used [0x00000000f8100000,0x00000000f8100000,0x00000000fc080000)
 ParOldGen       total 84992K, used 70572K [0x00000000c0000000, 0x00000000c5300000, 0x00000000eab00000)
  object space 84992K, 83% used [0x00000000c0000000,0x00000000c44eb310,0x00000000c5300000)
 Metaspace       used 6607K, capacity 7256K, committed 7424K, reserved 1056768K
  class space    used 634K, capacity 656K, committed 768K, reserved 1048576K
}
Event: 4.043 GC heap before
{Heap before GC invocations=9 (full 1):
 PSYoungGen      total 267264K, used 48106K [0x00000000eab00000, 0x0000000100000000, 0x0000000100000000)
  eden space 219136K, 0% used [0x00000000eab00000,0x00000000eab00000,0x00000000f8100000)
  from space 48128K, 99% used [0x00000000fd100000,0x00000000ffffa970,0x0000000100000000)
  to   space 65024K, 0% used [0x00000000f8100000,0x00000000f8100000,0x00000000fc080000)
 ParOldGen       total 84992K, used 70572K [0x00000000c0000000, 0x00000000c5300000, 0x00000000eab00000)
  object space 84992K, 83% used [0x00000000c0000000,0x00000000c44eb310,0x00000000c5300000)
 Metaspace       used 6607K, capacity 7256K, committed 7424K, reserved 1056768K
  class space    used 634K, capacity 656K, committed 768K, reserved 1048576K

Deoptimization events (10 events):
Event: 1.986 Thread 0x00007f1e142df000 Uncommon trap: reason=bimorphic action=maybe_recompile pc=0x00007f1e051a78bc method=com.android.dx.cf.code.BytecodeArray.parseInstruction(ILcom/android/dx/cf/code/BytecodeArray$Visitor;)I @ 1357
Event: 2.003 Thread 0x00007f1e142df000 Uncommon trap: reason=bimorphic action=maybe_recompile pc=0x00007f1e051a78bc method=com.android.dx.cf.code.BytecodeArray.parseInstruction(ILcom/android/dx/cf/code/BytecodeArray$Visitor;)I @ 1357
Event: 2.003 Thread 0x00007f1e142df000 Uncommon trap: reason=bimorphic action=maybe_recompile pc=0x00007f1e051a78bc method=com.android.dx.cf.code.BytecodeArray.parseInstruction(ILcom/android/dx/cf/code/BytecodeArray$Visitor;)I @ 1357
Event: 2.324 Thread 0x00007f1e142ce800 Uncommon trap: reason=unstable_if action=reinterpret pc=0x00007f1e050ca848 method=com.android.dx.ssa.SCCP.simulateStmt(Lcom/android/dx/ssa/SsaInsn;)V @ 59
Event: 2.409 Thread 0x00007f1e142ce800 Uncommon trap: reason=unstable_if action=reinterpret pc=0x00007f1e0502ef6c method=java.util.HashMap.getNode(ILjava/lang/Object;)Ljava/util/HashMap$Node; @ 84
Event: 2.986 Thread 0x00007f1e142df000 Uncommon trap: reason=unstable_if action=reinterpret pc=0x00007f1e05379f78 method=com.android.dx.rop.code.RegisterSpec.intersect(Lcom/android/dx/rop/code/RegisterSpec;Z)Lcom/android/dx/rop/code/RegisterSpec; @ 42
Event: 2.989 Thread 0x00007f1e142df000 Uncommon trap: reason=unstable_if action=reinterpret pc=0x00007f1e04f90214 method=com.android.dx.dex.code.OutputFinisher.hasLocalInfo(Lcom/android/dx/dex/code/DalvInsn;)Z @ 24
Event: 3.241 Thread 0x00007f1e142e0000 Uncommon trap: reason=unstable_if action=reinterpret pc=0x00007f1e0511b200 method=com.android.dx.ssa.MoveParamCombiner$1.visitNonMoveInsn(Lcom/android/dx/ssa/NormalSsaInsn;)V @ 27
Event: 3.560 Thread 0x00007f1e142e1800 Uncommon trap: reason=bimorphic action=maybe_recompile pc=0x00007f1e05336184 method=com.android.dx.cf.code.BytecodeArray.parseInstruction(ILcom/android/dx/cf/code/BytecodeArray$Visitor;)I @ 2281
Event: 3.560 Thread 0x00007f1e142e1800 Uncommon trap: reason=bimorphic action=maybe_recompile pc=0x00007f1e05336184 method=com.android.dx.cf.code.BytecodeArray.parseInstruction(ILcom/android/dx/cf/code/BytecodeArray$Visitor;)I @ 2281

Internal exceptions (8 events):
Event: 0.019 Thread 0x00007f1e1400a000 Exception <a 'java/lang/NoSuchMethodError': Method sun.misc.Unsafe.defineClass(Ljava/lang/String;[BII)Ljava/lang/Class; name or signature does not match> (0x00000000eab07c78) thrown at [/HUDSON3/workspace/8-2-build-linux-amd64/jdk8u111/7883/hotspot/src/sh
Event: 0.019 Thread 0x00007f1e1400a000 Exception <a 'java/lang/NoSuchMethodError': Method sun.misc.Unsafe.prefetchRead(Ljava/lang/Object;J)V name or signature does not match> (0x00000000eab07f60) thrown at [/HUDSON3/workspace/8-2-build-linux-amd64/jdk8u111/7883/hotspot/src/share/vm/prims/jni.c
Event: 0.850 Thread 0x00007f1e142e0000 Implicit null exception at 0x00007f1e04eb1490 to 0x00007f1e04eb38f1
Event: 1.012 Thread 0x00007f1e142e1800 Implicit null exception at 0x00007f1e04e9c6ad to 0x00007f1e04e9e8d9
Event: 1.176 Thread 0x00007f1e142ce800 Implicit null exception at 0x00007f1e04f8387b to 0x00007f1e04f83a05
Event: 1.215 Thread 0x00007f1e142e1800 Exception <a 'java/lang/ArrayIndexOutOfBoundsException': 18> (0x00000000ed7accf8) thrown at [/HUDSON3/workspace/8-2-build-linux-amd64/jdk8u111/7883/hotspot/src/share/vm/interpreter/interpreterRuntime.cpp, line 366]
Event: 1.215 Thread 0x00007f1e142e1800 Exception <a 'java/lang/ArrayIndexOutOfBoundsException': 145> (0x00000000ed7ae878) thrown at [/HUDSON3/workspace/8-2-build-linux-amd64/jdk8u111/7883/hotspot/src/share/vm/interpreter/interpreterRuntime.cpp, line 366]
Event: 1.216 Thread 0x00007f1e142e1800 Exception <a 'java/lang/ArrayIndexOutOfBoundsException': 40> (0x00000000ed7afb60) thrown at [/HUDSON3/workspace/8-2-build-linux-amd64/jdk8u111/7883/hotspot/src/share/vm/interpreter/interpreterRuntime.cpp, line 366]

Events (10 events):
Event: 3.842 Thread 0x00007f1e142df000 DEOPT UNPACKING pc=0x00007f1e04c1a633 sp=0x00007f1dfb71fbf0 mode 0
Event: 3.853 Thread 0x00007f1e142e1800 DEOPT PACKING pc=0x00007f1e04ea7528 sp=0x00007f1dfb51d520
Event: 3.853 Thread 0x00007f1e142e1800 DEOPT UNPACKING pc=0x00007f1e04c1a633 sp=0x00007f1dfb51d260 mode 0
Event: 3.876 Thread 0x00007f1e1400a000 DEOPT PACKING pc=0x00007f1e04e7eaa6 sp=0x00007f1e1ac7d590
Event: 3.876 Thread 0x00007f1e1400a000 DEOPT UNPACKING pc=0x00007f1e04c1a633 sp=0x00007f1e1ac7d2f8 mode 0
Event: 3.885 Thread 0x00007f1e142ce800 DEOPT PACKING pc=0x00007f1e04ea7528 sp=0x00007f1dfb921720
Event: 3.885 Thread 0x00007f1e142ce800 DEOPT UNPACKING pc=0x00007f1e04c1a633 sp=0x00007f1dfb921460 mode 0
Event: 3.888 Thread 0x00007f1e142df000 DEOPT PACKING pc=0x00007f1e04fc5dac sp=0x00007f1dfb71ff60
Event: 3.888 Thread 0x00007f1e142df000 DEOPT UNPACKING pc=0x00007f1e04c1a633 sp=0x00007f1dfb71fc60 mode 0
Event: 3.920 Executing VM operation: ParallelGCFailedAllocation


Dynamic libraries:
00400000-00401000 r-xp 00000000 fc:00 1969708                            /usr/lib/jvm/java-8-oracle/bin/java
00600000-00601000 rw-p 00000000 fc:00 1969708                            /usr/lib/jvm/java-8-oracle/bin/java
012da000-012fb000 rw-p 00000000 00:00 0                                  [heap]
c0000000-c5300000 rw-p 00000000 00:00 0 
c5300000-eab00000 ---p 00000000 00:00 0 
eab00000-100000000 rw-p 00000000 00:00 0 
100000000-1000c0000 rw-p 00000000 00:00 0 
1000c0000-140000000 ---p 00000000 00:00 0 
7f1db4000000-7f1db4031000 rw-p 00000000 00:00 0 
7f1db4031000-7f1db8000000 ---p 00000000 00:00 0 
7f1db8000000-7f1db8021000 rw-p 00000000 00:00 0 
7f1db8021000-7f1dbc000000 ---p 00000000 00:00 0 
7f1dbc000000-7f1dbc021000 rw-p 00000000 00:00 0 
7f1dbc021000-7f1dc0000000 ---p 00000000 00:00 0 
7f1dc0000000-7f1dc0021000 rw-p 00000000 00:00 0 
7f1dc0021000-7f1dc4000000 ---p 00000000 00:00 0 
7f1dc4000000-7f1dc4021000 rw-p 00000000 00:00 0 
7f1dc4021000-7f1dc8000000 ---p 00000000 00:00 0 
7f1dc8000000-7f1dc803c000 rw-p 00000000 00:00 0 
7f1dc803c000-7f1dcc000000 ---p 00000000 00:00 0 
7f1dcc000000-7f1dcc9ae000 rw-p 00000000 00:00 0 
7f1dcc9ae000-7f1dd0000000 ---p 00000000 00:00 0 
7f1dd0000000-7f1dd0021000 rw-p 00000000 00:00 0 
7f1dd0021000-7f1dd4000000 ---p 00000000 00:00 0 
7f1dd4000000-7f1dd4f66000 rw-p 00000000 00:00 0 
7f1dd4f66000-7f1dd8000000 ---p 00000000 00:00 0 
7f1dd8000000-7f1dd8d86000 rw-p 00000000 00:00 0 
7f1dd8d86000-7f1ddc000000 ---p 00000000 00:00 0 
7f1ddc000000-7f1ddc021000 rw-p 00000000 00:00 0 
7f1ddc021000-7f1de0000000 ---p 00000000 00:00 0 
7f1de0000000-7f1de0021000 rw-p 00000000 00:00 0 
7f1de0021000-7f1de4000000 ---p 00000000 00:00 0 
7f1de4000000-7f1de4021000 rw-p 00000000 00:00 0 
7f1de4021000-7f1de8000000 ---p 00000000 00:00 0 
7f1de8000000-7f1de8021000 rw-p 00000000 00:00 0 
7f1de8021000-7f1dec000000 ---p 00000000 00:00 0 
7f1dec000000-7f1dec2a9000 rw-p 00000000 00:00 0 
7f1dec2a9000-7f1df0000000 ---p 00000000 00:00 0 
7f1df0000000-7f1df0021000 rw-p 00000000 00:00 0 
7f1df0021000-7f1df4000000 ---p 00000000 00:00 0 
7f1df4000000-7f1df4021000 rw-p 00000000 00:00 0 
7f1df4021000-7f1df8000000 ---p 00000000 00:00 0 
7f1dfb41f000-7f1dfb422000 ---p 00000000 00:00 0 
7f1dfb422000-7f1dfb520000 rw-p 00000000 00:00 0 
7f1dfb520000-7f1dfb523000 ---p 00000000 00:00 0 
7f1dfb523000-7f1dfb621000 rw-p 00000000 00:00 0 
7f1dfb621000-7f1dfb624000 ---p 00000000 00:00 0 
7f1dfb624000-7f1dfb722000 rw-p 00000000 00:00 0 
7f1dfb722000-7f1dfb725000 ---p 00000000 00:00 0 
7f1dfb725000-7f1dfb823000 rw-p 00000000 00:00 0 
7f1dfb823000-7f1dfb826000 ---p 00000000 00:00 0 
7f1dfb826000-7f1dfb924000 rw-p 00000000 00:00 0 
7f1dfb924000-7f1dfb925000 ---p 00000000 00:00 0 
7f1dfb925000-7f1dfba25000 rw-p 00000000 00:00 0 
7f1dfba25000-7f1dfba28000 ---p 00000000 00:00 0 
7f1dfba28000-7f1dfbb26000 rw-p 00000000 00:00 0 
7f1dfbb26000-7f1dfbb29000 ---p 00000000 00:00 0 
7f1dfbb29000-7f1dfbc27000 rw-p 00000000 00:00 0 
7f1dfbc27000-7f1dfbc2a000 ---p 00000000 00:00 0 
7f1dfbc2a000-7f1dfbd28000 rw-p 00000000 00:00 0 
7f1dfbd28000-7f1dfc000000 r--p 00000000 fc:00 787872                     /usr/lib/locale/locale-archive
7f1dfc000000-7f1dfc021000 rw-p 00000000 00:00 0 
7f1dfc021000-7f1e00000000 ---p 00000000 00:00 0 
7f1e0002d000-7f1e000b2000 r--s 0064c000 fc:00 1993295                    /home/aipxperts/Dharmesh/jazzro/SRC/jazzro/SRC/app/build/intermediates/transforms/jarMerging/debug/jars/1/1f/combined.jar
7f1e000b2000-7f1e000b5000 ---p 00000000 00:00 0 
7f1e000b5000-7f1e001b3000 rw-p 00000000 00:00 0 
7f1e001b3000-7f1e001b6000 ---p 00000000 00:00 0 
7f1e001b6000-7f1e002b4000 rw-p 00000000 00:00 0 
7f1e002b4000-7f1e002b7000 ---p 00000000 00:00 0 
7f1e002b7000-7f1e003b5000 rw-p 00000000 00:00 0 
7f1e003b5000-7f1e003b8000 ---p 00000000 00:00 0 
7f1e003b8000-7f1e004b6000 rw-p 00000000 00:00 0 
7f1e004b6000-7f1e004b7000 ---p 00000000 00:00 0 
7f1e004b7000-7f1e0156b000 rw-p 00000000 00:00 0 
7f1e0156b000-7f1e01743000 r--s 03d2a000 fc:00 2102161                    /usr/lib/jvm/java-8-oracle/jre/lib/rt.jar
7f1e01743000-7f1e01e39000 rw-p 00000000 00:00 0 
7f1e01e39000-7f1e01fb9000 ---p 00000000 00:00 0 
7f1e01fb9000-7f1e041b9000 rw-p 00000000 00:00 0 
7f1e041b9000-7f1e041ba000 ---p 00000000 00:00 0 
7f1e041ba000-7f1e042ba000 rw-p 00000000 00:00 0 
7f1e042ba000-7f1e042bb000 ---p 00000000 00:00 0 
7f1e042bb000-7f1e043bb000 rw-p 00000000 00:00 0 
7f1e043bb000-7f1e043bc000 ---p 00000000 00:00 0 
7f1e043bc000-7f1e044e6000 rw-p 00000000 00:00 0 
7f1e044e6000-7f1e04612000 ---p 00000000 00:00 0 
7f1e04612000-7f1e0463c000 rw-p 00000000 00:00 0 
7f1e0463c000-7f1e04767000 ---p 00000000 00:00 0 
7f1e04767000-7f1e04812000 rw-p 00000000 00:00 0 
7f1e04812000-7f1e04836000 rw-p 00000000 00:00 0 
7f1e04836000-7f1e04bd3000 ---p 00000000 00:00 0 
7f1e04bd3000-7f1e05483000 rwxp 00000000 00:00 0 
7f1e05483000-7f1e13bd3000 ---p 00000000 00:00 0 
7f1e13bd3000-7f1e13bed000 r-xp 00000000 fc:00 2232701                    /usr/lib/jvm/java-8-oracle/jre/lib/amd64/libzip.so
7f1e13bed000-7f1e13ded000 ---p 0001a000 fc:00 2232701                    /usr/lib/jvm/java-8-oracle/jre/lib/amd64/libzip.so
7f1e13ded000-7f1e13dee000 rw-p 0001a000 fc:00 2232701                    /usr/lib/jvm/java-8-oracle/jre/lib/amd64/libzip.so
7f1e13dee000-7f1e13df9000 r-xp 00000000 fc:00 1049458                    /lib/x86_64-linux-gnu/libnss_files-2.23.so
7f1e13df9000-7f1e13ff8000 ---p 0000b000 fc:00 1049458                    /lib/x86_64-linux-gnu/libnss_files-2.23.so
7f1e13ff8000-7f1e13ff9000 r--p 0000a000 fc:00 1049458                    /lib/x86_64-linux-gnu/libnss_files-2.23.so
7f1e13ff9000-7f1e13ffa000 rw-p 0000b000 fc:00 1049458                    /lib/x86_64-linux-gnu/libnss_files-2.23.so
7f1e13ffa000-7f1e14000000 rw-p 00000000 00:00 0 
7f1e14000000-7f1e143fb000 rw-p 00000000 00:00 0 
7f1e143fb000-7f1e18000000 ---p 00000000 00:00 0 
7f1e1800a000-7f1e18019000 r--s 000df000 fc:00 9521                       /home/aipxperts/Android/Sdk/build-tools/23.0.2/lib/dx.jar
7f1e18019000-7f1e1801a000 ---p 00000000 00:00 0 
7f1e1801a000-7f1e1811a000 rw-p 00000000 00:00 0 
7f1e1811a000-7f1e18125000 r-xp 00000000 fc:00 1049443                    /lib/x86_64-linux-gnu/libnss_nis-2.23.so
7f1e18125000-7f1e18324000 ---p 0000b000 fc:00 1049443                    /lib/x86_64-linux-gnu/libnss_nis-2.23.so
7f1e18324000-7f1e18325000 r--p 0000a000 fc:00 1049443                    /lib/x86_64-linux-gnu/libnss_nis-2.23.so
7f1e18325000-7f1e18326000 rw-p 0000b000 fc:00 1049443                    /lib/x86_64-linux-gnu/libnss_nis-2.23.so
7f1e18326000-7f1e1833c000 r-xp 00000000 fc:00 1049454                    /lib/x86_64-linux-gnu/libnsl-2.23.so
7f1e1833c000-7f1e1853b000 ---p 00016000 fc:00 1049454                    /lib/x86_64-linux-gnu/libnsl-2.23.so
7f1e1853b000-7f1e1853c000 r--p 00015000 fc:00 1049454                    /lib/x86_64-linux-gnu/libnsl-2.23.so
7f1e1853c000-7f1e1853d000 rw-p 00016000 fc:00 1049454                    /lib/x86_64-linux-gnu/libnsl-2.23.so
7f1e1853d000-7f1e1853f000 rw-p 00000000 00:00 0 
7f1e1853f000-7f1e18547000 r-xp 00000000 fc:00 1049455                    /lib/x86_64-linux-gnu/libnss_compat-2.23.so
7f1e18547000-7f1e18746000 ---p 00008000 fc:00 1049455                    /lib/x86_64-linux-gnu/libnss_compat-2.23.so
7f1e18746000-7f1e18747000 r--p 00007000 fc:00 1049455                    /lib/x86_64-linux-gnu/libnss_compat-2.23.so
7f1e18747000-7f1e18748000 rw-p 00008000 fc:00 1049455                    /lib/x86_64-linux-gnu/libnss_compat-2.23.so
7f1e18748000-7f1e18773000 r-xp 00000000 fc:00 2232726                    /usr/lib/jvm/java-8-oracle/jre/lib/amd64/libjava.so
7f1e18773000-7f1e18972000 ---p 0002b000 fc:00 2232726                    /usr/lib/jvm/java-8-oracle/jre/lib/amd64/libjava.so
7f1e18972000-7f1e18974000 rw-p 0002a000 fc:00 2232726                    /usr/lib/jvm/java-8-oracle/jre/lib/amd64/libjava.so
7f1e18974000-7f1e18981000 r-xp 00000000 fc:00 2232679                    /usr/lib/jvm/java-8-oracle/jre/lib/amd64/libverify.so
7f1e18981000-7f1e18b80000 ---p 0000d000 fc:00 2232679                    /usr/lib/jvm/java-8-oracle/jre/lib/amd64/libverify.so
7f1e18b80000-7f1e18b82000 rw-p 0000c000 fc:00 2232679                    /usr/lib/jvm/java-8-oracle/jre/lib/amd64/libverify.so
7f1e18b82000-7f1e18b89000 r-xp 00000000 fc:00 1049442                    /lib/x86_64-linux-gnu/librt-2.23.so
7f1e18b89000-7f1e18d88000 ---p 00007000 fc:00 1049442                    /lib/x86_64-linux-gnu/librt-2.23.so
7f1e18d88000-7f1e18d89000 r--p 00006000 fc:00 1049442                    /lib/x86_64-linux-gnu/librt-2.23.so
7f1e18d89000-7f1e18d8a000 rw-p 00007000 fc:00 1049442                    /lib/x86_64-linux-gnu/librt-2.23.so
7f1e18d8a000-7f1e18e92000 r-xp 00000000 fc:00 1049452                    /lib/x86_64-linux-gnu/libm-2.23.so
7f1e18e92000-7f1e19091000 ---p 00108000 fc:00 1049452                    /lib/x86_64-linux-gnu/libm-2.23.so
7f1e19091000-7f1e19092000 r--p 00107000 fc:00 1049452                    /lib/x86_64-linux-gnu/libm-2.23.so
7f1e19092000-7f1e19093000 rw-p 00108000 fc:00 1049452                    /lib/x86_64-linux-gnu/libm-2.23.so
7f1e19093000-7f1e19d60000 r-xp 00000000 fc:00 2360004                    /usr/lib/jvm/java-8-oracle/jre/lib/amd64/server/libjvm.so
7f1e19d60000-7f1e19f5f000 ---p 00ccd000 fc:00 2360004                    /usr/lib/jvm/java-8-oracle/jre/lib/amd64/server/libjvm.so
7f1e19f5f000-7f1e1a038000 rw-p 00ccc000 fc:00 2360004                    /usr/lib/jvm/java-8-oracle/jre/lib/amd64/server/libjvm.so
7f1e1a038000-7f1e1a083000 rw-p 00000000 00:00 0 
7f1e1a083000-7f1e1a242000 r-xp 00000000 fc:00 1049447                    /lib/x86_64-linux-gnu/libc-2.23.so
7f1e1a242000-7f1e1a442000 ---p 001bf000 fc:00 1049447                    /lib/x86_64-linux-gnu/libc-2.23.so
7f1e1a442000-7f1e1a446000 r--p 001bf000 fc:00 1049447                    /lib/x86_64-linux-gnu/libc-2.23.so
7f1e1a446000-7f1e1a448000 rw-p 001c3000 fc:00 1049447                    /lib/x86_64-linux-gnu/libc-2.23.so
7f1e1a448000-7f1e1a44c000 rw-p 00000000 00:00 0 
7f1e1a44c000-7f1e1a44f000 r-xp 00000000 fc:00 1049446                    /lib/x86_64-linux-gnu/libdl-2.23.so
7f1e1a44f000-7f1e1a64e000 ---p 00003000 fc:00 1049446                    /lib/x86_64-linux-gnu/libdl-2.23.so
7f1e1a64e000-7f1e1a64f000 r--p 00002000 fc:00 1049446                    /lib/x86_64-linux-gnu/libdl-2.23.so
7f1e1a64f000-7f1e1a650000 rw-p 00003000 fc:00 1049446                    /lib/x86_64-linux-gnu/libdl-2.23.so
7f1e1a650000-7f1e1a665000 r-xp 00000000 fc:00 1837447                    /usr/lib/jvm/java-8-oracle/lib/amd64/jli/libjli.so
7f1e1a665000-7f1e1a865000 ---p 00015000 fc:00 1837447                    /usr/lib/jvm/java-8-oracle/lib/amd64/jli/libjli.so
7f1e1a865000-7f1e1a866000 rw-p 00015000 fc:00 1837447                    /usr/lib/jvm/java-8-oracle/lib/amd64/jli/libjli.so
7f1e1a866000-7f1e1a87e000 r-xp 00000000 fc:00 1049453                    /lib/x86_64-linux-gnu/libpthread-2.23.so
7f1e1a87e000-7f1e1aa7d000 ---p 00018000 fc:00 1049453                    /lib/x86_64-linux-gnu/libpthread-2.23.so
7f1e1aa7d000-7f1e1aa7e000 r--p 00017000 fc:00 1049453                    /lib/x86_64-linux-gnu/libpthread-2.23.so
7f1e1aa7e000-7f1e1aa7f000 rw-p 00018000 fc:00 1049453                    /lib/x86_64-linux-gnu/libpthread-2.23.so
7f1e1aa7f000-7f1e1aa83000 rw-p 00000000 00:00 0 
7f1e1aa83000-7f1e1aaa9000 r-xp 00000000 fc:00 1049423                    /lib/x86_64-linux-gnu/ld-2.23.so
7f1e1aaad000-7f1e1ab7f000 rw-p 00000000 00:00 0 
7f1e1ab7f000-7f1e1ab82000 ---p 00000000 00:00 0 
7f1e1ab82000-7f1e1ac84000 rw-p 00000000 00:00 0 
7f1e1ac88000-7f1e1ac9c000 rw-p 00000000 00:00 0 
7f1e1ac9c000-7f1e1aca4000 rw-s 00000000 fc:00 1492987                    /tmp/hsperfdata_aipxperts/4453
7f1e1aca4000-7f1e1aca5000 rw-p 00000000 00:00 0 
7f1e1aca5000-7f1e1aca6000 ---p 00000000 00:00 0 
7f1e1aca6000-7f1e1aca8000 rw-p 00000000 00:00 0 
7f1e1aca8000-7f1e1aca9000 r--p 00025000 fc:00 1049423                    /lib/x86_64-linux-gnu/ld-2.23.so
7f1e1aca9000-7f1e1acaa000 rw-p 00026000 fc:00 1049423                    /lib/x86_64-linux-gnu/ld-2.23.so
7f1e1acaa000-7f1e1acab000 rw-p 00000000 00:00 0 
7ffcedde8000-7ffcede0a000 rw-p 00000000 00:00 0                          [stack]
7ffcedf41000-7ffcedf43000 r--p 00000000 00:00 0                          [vvar]
7ffcedf43000-7ffcedf45000 r-xp 00000000 00:00 0                          [vdso]
ffffffffff600000-ffffffffff601000 r-xp 00000000 00:00 0                  [vsyscall]

VM Arguments:
jvm_args: -Djava.awt.headless=true -Xmx1024M -Dfile.encoding=UTF-8 -Duser.country=IN -Duser.language=en -Duser.variant 
java_command: com.android.dx.command.Main --dex --num-threads=4 --multi-dex --main-dex-list /home/aipxperts/Dharmesh/jazzro/SRC/jazzro/SRC/app/build/intermediates/multi-dex/debug/maindexlist.txt --output /home/aipxperts/Dharmesh/jazzro/SRC/jazzro/SRC/app/build/intermediates/transforms/dex/debug/folders/1000/1f/main /home/aipxperts/Dharmesh/jazzro/SRC/jazzro/SRC/app/build/intermediates/transforms/jarMerging/debug/jars/1/1f/combined.jar
java_class_path (initial): /home/aipxperts/Android/Sdk/build-tools/23.0.2/lib/dx.jar
Launcher Type: SUN_STANDARD

Environment Variables:
JAVA_HOME=/usr/lib/jvm/java-8-oracle
PATH=/usr/local/sbin:/usr/local/bin:/usr/sbin:/usr/bin:/sbin:/bin:/usr/games:/usr/local/games:/snap/bin:/usr/lib/jvm/java-8-oracle/bin:/usr/lib/jvm/java-8-oracle/db/bin:/usr/lib/jvm/java-8-oracle/jre/bin
LD_LIBRARY_PATH=.:
SHELL=/bin/bash
DISPLAY=:0

Signal Handlers:
SIGSEGV: [libjvm.so+0xac64b0], sa_mask[0]=11111111011111111101111111111110, sa_flags=SA_RESTART|SA_SIGINFO
SIGBUS: [libjvm.so+0xac64b0], sa_mask[0]=11111111011111111101111111111110, sa_flags=SA_RESTART|SA_SIGINFO
SIGFPE: [libjvm.so+0x91f950], sa_mask[0]=11111111011111111101111111111110, sa_flags=SA_RESTART|SA_SIGINFO
SIGPIPE: [libjvm.so+0x91f950], sa_mask[0]=11111111011111111101111111111110, sa_flags=SA_RESTART|SA_SIGINFO
SIGXFSZ: [libjvm.so+0x91f950], sa_mask[0]=11111111011111111101111111111110, sa_flags=SA_RESTART|SA_SIGINFO
SIGILL: [libjvm.so+0x91f950], sa_mask[0]=11111111011111111101111111111110, sa_flags=SA_RESTART|SA_SIGINFO
SIGUSR1: SIG_DFL, sa_mask[0]=00000000000000000000000000000000, sa_flags=none
SIGUSR2: [libjvm.so+0x920f80], sa_mask[0]=00100000000000000000000000000000, sa_flags=SA_RESTART|SA_SIGINFO
SIGHUP: [libjvm.so+0x922380], sa_mask[0]=11111111011111111101111111111110, sa_flags=SA_RESTART|SA_SIGINFO
SIGINT: [libjvm.so+0x922380], sa_mask[0]=11111111011111111101111111111110, sa_flags=SA_RESTART|SA_SIGINFO
SIGTERM: [libjvm.so+0x922380], sa_mask[0]=11111111011111111101111111111110, sa_flags=SA_RESTART|SA_SIGINFO
SIGQUIT: [libjvm.so+0x922380], sa_mask[0]=11111111011111111101111111111110, sa_flags=SA_RESTART|SA_SIGINFO


---------------  S Y S T E M  ---------------

OS:DISTRIB_ID=Ubuntu
DISTRIB_RELEASE=16.04
DISTRIB_CODENAME=xenial
DISTRIB_DESCRIPTION="Ubuntu 16.04.1 LTS"

uname:Linux 4.4.0-53-generic #74-Ubuntu SMP Fri Dec 2 15:59:10 UTC 2016 x86_64
libc:glibc 2.23 NPTL 2.23 
rlimit: STACK 8192k, CORE 0k, NPROC 31556, NOFILE 65536, AS infinity
load average:2.02 3.48 3.18

/proc/meminfo:
MemTotal:        8119968 kB
MemFree:          454900 kB
MemAvailable:    1037652 kB
Buffers:           73052 kB
Cached:           839940 kB
SwapCached:        36824 kB
Active:          5756496 kB
Inactive:        1569908 kB
Active(anon):    5335212 kB
Inactive(anon):  1255928 kB
Active(file):     421284 kB
Inactive(file):   313980 kB
Unevictable:         176 kB
Mlocked:             176 kB
SwapTotal:       8335356 kB
SwapFree:        7786924 kB
Dirty:             55524 kB
Writeback:             0 kB
AnonPages:       6382884 kB
Mapped:           367200 kB
Shmem:            177728 kB
Slab:             181384 kB
SReclaimable:     133612 kB
SUnreclaim:        47772 kB
KernelStack:       15424 kB
PageTables:        66340 kB
NFS_Unstable:          0 kB
Bounce:                0 kB
WritebackTmp:          0 kB
CommitLimit:    12395340 kB
Committed_AS:   13263892 kB
VmallocTotal:   34359738367 kB
VmallocUsed:           0 kB
VmallocChunk:          0 kB
HardwareCorrupted:     0 kB
AnonHugePages:   3794944 kB
CmaTotal:              0 kB
CmaFree:               0 kB
HugePages_Total:       0
HugePages_Free:        0
HugePages_Rsvd:        0
HugePages_Surp:        0
Hugepagesize:       2048 kB
DirectMap4k:      206960 kB
DirectMap2M:     8126464 kB


CPU:total 4 (2 cores per cpu, 2 threads per core) family 6 model 58 stepping 9, cmov, cx8, fxsr, mmx, sse, sse2, sse3, ssse3, sse4.1, sse4.2, popcnt, avx, clmul, erms, ht, tsc, tscinvbit, tscinv

/proc/cpuinfo:
processor	: 0
vendor_id	: GenuineIntel
cpu family	: 6
model		: 58
model name	: Intel(R) Core(TM) i3-3210 CPU @ 3.20GHz
stepping	: 9
microcode	: 0x1c
cpu MHz		: 3200.000
cache size	: 3072 KB
physical id	: 0
siblings	: 4
core id		: 0
cpu cores	: 2
apicid		: 0
initial apicid	: 0
fpu		: yes
fpu_exception	: yes
cpuid level	: 13
wp		: yes
flags		: fpu vme de pse tsc msr pae mce cx8 apic sep mtrr pge mca cmov pat pse36 clflush dts acpi mmx fxsr sse sse2 ss ht tm pbe syscall nx rdtscp lm constant_tsc arch_perfmon pebs bts rep_good nopl xtopology nonstop_tsc aperfmperf eagerfpu pni pclmulqdq dtes64 monitor ds_cpl vmx est tm2 ssse3 cx16 xtpr pdcm pcid sse4_1 sse4_2 popcnt tsc_deadline_timer xsave avx f16c lahf_lm epb tpr_shadow vnmi flexpriority ept vpid fsgsbase smep erms xsaveopt dtherm arat pln pts
bugs		:
bogomips	: 6385.50
clflush size	: 64
cache_alignment	: 64
address sizes	: 36 bits physical, 48 bits virtual
power management:

processor	: 1
vendor_id	: GenuineIntel
cpu family	: 6
model		: 58
model name	: Intel(R) Core(TM) i3-3210 CPU @ 3.20GHz
stepping	: 9
microcode	: 0x1c
cpu MHz		: 3199.875
cache size	: 3072 KB
physical id	: 0
siblings	: 4
core id		: 1
cpu cores	: 2
apicid		: 2
initial apicid	: 2
fpu		: yes
fpu_exception	: yes
cpuid level	: 13
wp		: yes
flags		: fpu vme de pse tsc msr pae mce cx8 apic sep mtrr pge mca cmov pat pse36 clflush dts acpi mmx fxsr sse sse2 ss ht tm pbe syscall nx rdtscp lm constant_tsc arch_perfmon pebs bts rep_good nopl xtopology nonstop_tsc aperfmperf eagerfpu pni pclmulqdq dtes64 monitor ds_cpl vmx est tm2 ssse3 cx16 xtpr pdcm pcid sse4_1 sse4_2 popcnt tsc_deadline_timer xsave avx f16c lahf_lm epb tpr_shadow vnmi flexpriority ept vpid fsgsbase smep erms xsaveopt dtherm arat pln pts
bugs		:
bogomips	: 6385.50
clflush size	: 64
cache_alignment	: 64
address sizes	: 36 bits physical, 48 bits virtual
power management:

processor	: 2
vendor_id	: GenuineIntel
cpu family	: 6
model		: 58
model name	: Intel(R) Core(TM) i3-3210 CPU @ 3.20GHz
stepping	: 9
microcode	: 0x1c
cpu MHz		: 3199.875
cache size	: 3072 KB
physical id	: 0
siblings	: 4
core id		: 0
cpu cores	: 2
apicid		: 1
initial apicid	: 1
fpu		: yes
fpu_exception	: yes
cpuid level	: 13
wp		: yes
flags		: fpu vme de pse tsc msr pae mce cx8 apic sep mtrr pge mca cmov pat pse36 clflush dts acpi mmx fxsr sse sse2 ss ht tm pbe syscall nx rdtscp lm constant_tsc arch_perfmon pebs bts rep_good nopl xtopology nonstop_tsc aperfmperf eagerfpu pni pclmulqdq dtes64 monitor ds_cpl vmx est tm2 ssse3 cx16 xtpr pdcm pcid sse4_1 sse4_2 popcnt tsc_deadline_timer xsave avx f16c lahf_lm epb tpr_shadow vnmi flexpriority ept vpid fsgsbase smep erms xsaveopt dtherm arat pln pts
bugs		:
bogomips	: 6385.50
clflush size	: 64
cache_alignment	: 64
address sizes	: 36 bits physical, 48 bits virtual
power management:

processor	: 3
vendor_id	: GenuineIntel
cpu family	: 6
model		: 58
model name	: Intel(R) Core(TM) i3-3210 CPU @ 3.20GHz
stepping	: 9
microcode	: 0x1c
cpu MHz		: 3200.000
cache size	: 3072 KB
physical id	: 0
siblings	: 4
core id		: 1
cpu cores	: 2
apicid		: 3
initial apicid	: 3
fpu		: yes
fpu_exception	: yes
cpuid level	: 13
wp		: yes
flags		: fpu vme de pse tsc msr pae mce cx8 apic sep mtrr pge mca cmov pat pse36 clflush dts acpi mmx fxsr sse sse2 ss ht tm pbe syscall nx rdtscp lm constant_tsc arch_perfmon pebs bts rep_good nopl xtopology nonstop_tsc aperfmperf eagerfpu pni pclmulqdq dtes64 monitor ds_cpl vmx est tm2 ssse3 cx16 xtpr pdcm pcid sse4_1 sse4_2 popcnt tsc_deadline_timer xsave avx f16c lahf_lm epb tpr_shadow vnmi flexpriority ept vpid fsgsbase smep erms xsaveopt dtherm arat pln pts
bugs		:
bogomips	: 6385.50
clflush size	: 64
cache_alignment	: 64
address sizes	: 36 bits physical, 48 bits virtual
power management:



Memory: 4k page, physical 8119968k(454900k free), swap 8335356k(7786924k free)

vm_info: Java HotSpot(TM) 64-Bit Server VM (25.111-b14) for linux-amd64 JRE (1.8.0_111-b14), built on Sep 22 2016 16:14:03 by "java_re" with gcc 4.3.0 20080428 (Red Hat 4.3.0-8)

time: Mon Apr 24 17:22:19 2017
elapsed time: 4 seconds (0d 0h 0m 4s)

